TN:s21_decimal
SF:/Users/sukhanovalexey/Desktop/TEMP_DECIMAL/C-Decimal/s21_decimal.c
FN:120,124,s21_from_int_to_decimal
FN:126,146,s21_from_decimal_to_int
FN:149,171,s21_floor
FN:15,31,s21_mul
FN:174,213,s21_round
FN:216,225,s21_truncate
FN:228,235,s21_negate
FN:238,239,s21_is_greater
FN:242,243,s21_is_greater_or_equal
FN:246,247,s21_is_less
FN:250,251,s21_is_less_or_equal
FN:254,255,s21_is_equal
FN:258,259,s21_is_not_equal
FN:262,290,compare
FN:293,304,decimal_set_bit
FN:3,6,s21_add
FN:306,313,decimal_mantissa_equal_zero
FN:316,326,decimal_get_bit
FN:329,329,decimal_get_sign
FN:331,332,decimal_get_scale
FN:335,338,decimal_set_scale
FN:340,342,decimal_invert_sign
FN:344,352,decimal_div_by_ten
FN:355,356,decimal_check_scale_mask
FN:359,362,decimal_three_add
FN:365,381,decimal_binary_add
FN:384,386,decimal_nullify
FN:388,393,bd_is_greater
FN:396,406,bd_normalization
FN:408,417,bd_summ
FN:419,429,bd_get_bit
FN:432,443,bd_set_bit
FN:445,447,bd_nullify
FN:449,450,bd_get_scale
FN:453,456,bd_set_scale
FN:458,467,convert_decimal_to_big_decimal
FN:469,470,bd_get_sign
FN:473,476,bd_invert_sign
FN:478,482,bd_mantissa_is_not_null
FN:485,520,convert_big_decimal_to_decimal
FN:523,533,bd_shift_left
FN:535,541,bd_bank_round
FN:543,552,bd_diff
FN:554,593,add_and_sub_core
FN:596,610,bd_mul
FN:613,639,bd_res_and_remainder
FN:641,645,bd_div_ten
FN:647,653,from_int_to_big_decimal
FN:656,699,convert_float_to_decimal
FN:701,705,bd_equal_zero
FN:83,96,s21_from_float_to_decimal
FN:9,12,s21_sub
FN:99,118,s21_from_decimal_to_float
FNDA:384,s21_from_int_to_decimal
FNDA:200,s21_from_decimal_to_int
FNDA:102,s21_floor
FNDA:98,s21_mul
FNDA:128,s21_round
FNDA:197,s21_truncate
FNDA:102,s21_negate
FNDA:104,s21_is_greater
FNDA:223,s21_is_greater_or_equal
FNDA:104,s21_is_less
FNDA:104,s21_is_less_or_equal
FNDA:991,s21_is_equal
FNDA:104,s21_is_not_equal
FNDA:1630,compare
FNDA:258920,decimal_set_bit
FNDA:98,s21_add
FNDA:1718,decimal_mantissa_equal_zero
FNDA:297809,decimal_get_bit
FNDA:4425,decimal_get_sign
FNDA:3839,decimal_get_scale
FNDA:376,decimal_set_scale
FNDA:247,decimal_invert_sign
FNDA:2601,decimal_div_by_ten
FNDA:538,decimal_check_scale_mask
FNDA:4512,decimal_three_add
FNDA:47,decimal_binary_add
FNDA:970,decimal_nullify
FNDA:1676082,bd_is_greater
FNDA:602,bd_normalization
FNDA:381286,bd_summ
FNDA:822475706,bd_get_bit
FNDA:232450146,bd_set_bit
FNDA:10869,bd_nullify
FNDA:1233,bd_get_scale
FNDA:1250,bd_set_scale
FNDA:4315,convert_decimal_to_big_decimal
FNDA:1129,bd_get_sign
FNDA:535,bd_invert_sign
FNDA:5327,bd_mantissa_is_not_null
FNDA:594,convert_big_decimal_to_decimal
FNDA:81652677,bd_shift_left
FNDA:4165,bd_bank_round
FNDA:280209,bd_diff
FNDA:198,add_and_sub_core
FNDA:1674,bd_mul
FNDA:4284,bd_res_and_remainder
FNDA:4284,bd_div_ten
FNDA:179,from_int_to_big_decimal
FNDA:88,convert_float_to_decimal
FNDA:0,bd_equal_zero
FNDA:102,s21_from_float_to_decimal
FNDA:100,s21_sub
FNDA:112,s21_from_decimal_to_float
FNF:53
FNH:52
DA:3,98
DA:4,98
DA:5,98
DA:6,98
DA:9,100
DA:10,100
DA:11,100
DA:12,100
DA:15,98
DA:16,98
DA:17,98
DA:18,98
DA:19,98
DA:20,98
DA:23,98
DA:24,98
DA:25,98
DA:26,98
DA:27,98
DA:29,98
DA:30,98
DA:31,98
DA:83,102
DA:84,102
DA:85,102
DA:86,54
DA:87,54
DA:88,54
DA:89,102
DA:90,14
DA:91,14
DA:92,14
DA:93,102
DA:94,88
DA:95,88
DA:96,102
DA:99,112
DA:100,112
DA:101,112
DA:102,112
DA:103,112
DA:104,112
DA:106,10864
DA:107,10752
DA:109,1503
DA:110,1391
DA:111,1391
DA:113,112
DA:114,112
DA:115,59
DA:116,59
DA:117,112
DA:118,112
DA:120,384
DA:121,384
DA:122,384
DA:123,384
DA:124,384
DA:126,200
DA:127,200
DA:128,200
DA:129,200
DA:131,19400
DA:132,19200
DA:133,19200
DA:135,200
DA:137,200
DA:138,117
DA:139,117
DA:140,200
DA:141,156
DA:142,156
DA:143,44
DA:146,200
DA:149,102
DA:150,102
DA:151,102
DA:152,102
DA:153,102
DA:154,7
DA:155,7
DA:156,95
DA:157,48
DA:158,48
DA:160,47
DA:161,47
DA:162,47
DA:163,47
DA:164,47
DA:165,47
DA:166,47
DA:169,102
DA:171,102
DA:174,128
DA:175,128
DA:176,128
DA:177,128
DA:179,128
DA:180,9
DA:181,9
DA:182,119
DA:184,119
DA:185,119
DA:187,1665
DA:188,1546
DA:189,1546
DA:191,119
DA:192,119
DA:195,119
DA:196,119
DA:197,119
DA:199,119
DA:201,119
DA:202,119
DA:203,119
DA:204,119
DA:206,119
DA:207,57
DA:208,57
DA:209,119
DA:210,119
DA:212,128
DA:213,128
DA:216,197
DA:217,197
DA:218,197
DA:219,2798
DA:220,2601
DA:221,2601
DA:223,197
DA:224,197
DA:225,197
DA:228,102
DA:229,102
DA:230,102
DA:231,102
DA:232,102
DA:233,102
DA:234,102
DA:235,102
DA:238,104
DA:239,104
DA:242,223
DA:243,223
DA:246,104
DA:247,104
DA:250,104
DA:251,104
DA:254,991
DA:255,991
DA:258,104
DA:259,104
DA:262,1630
DA:263,1630
DA:265,1630
DA:266,1630
DA:268,1630
DA:269,1630
DA:271,1630
DA:272,88
DA:273,1542
DA:274,138
DA:275,1542
DA:276,150
DA:277,150
DA:278,1254
DA:279,1254
DA:281,1254
DA:282,231
DA:283,1023
DA:284,180
DA:286,1254
DA:287,1254
DA:289,1542
DA:290,1630
DA:293,258920
DA:294,258920
DA:295,258920
DA:296,777301
DA:297,518381
DA:298,518381
DA:299,517840
DA:300,258920
DA:301,258920
DA:302,258920
DA:303,518381
DA:304,258920
DA:306,1718
DA:307,1718
DA:308,3788
DA:309,2070
DA:310,1542
DA:311,1542
DA:312,2070
DA:313,1718
DA:316,297809
DA:317,297809
DA:318,297809
DA:319,902677
DA:320,604868
DA:321,604868
DA:322,297809
DA:323,297809
DA:324,297809
DA:325,604868
DA:326,297809
DA:329,4425
DA:331,3839
DA:332,3839
DA:335,376
DA:336,376
DA:337,376
DA:338,376
DA:340,247
DA:341,247
DA:342,247
DA:344,2601
DA:345,2601
DA:346,252297
DA:347,249696
DA:348,249696
DA:349,249696
DA:350,249696
DA:351,249696
DA:352,2601
DA:355,538
DA:356,538
DA:359,4512
DA:361,9024
DA:362,4512
DA:365,47
DA:367,47
DA:368,47
DA:369,47
DA:370,47
DA:371,47
DA:372,4512
DA:373,4465
DA:374,4465
DA:375,4465
DA:376,4465
DA:377,47
DA:378,47
DA:379,47
DA:380,47
DA:381,47
DA:384,970
DA:385,4850
DA:386,970
DA:388,1676082
DA:389,1676082
DA:390,180743684
DA:391,179067602
DA:392,179067602
DA:393,1676082
DA:396,602
DA:397,602
DA:398,6761
DA:399,6159
DA:400,6159
DA:401,6159
DA:402,6159
DA:403,6159
DA:404,6159
DA:405,602
DA:406,602
DA:408,381286
DA:409,381286
DA:410,381286
DA:411,85789350
DA:412,85408064
DA:413,85408064
DA:414,85408064
DA:415,85408064
DA:416,85408064
DA:417,381286
DA:419,822475706
DA:420,822475706
DA:421,822475706
DA:422,822475706
DA:423,4643795031
DA:424,3821319325
DA:425,822475706
DA:426,822475706
DA:427,822475706
DA:428,3821319325
DA:429,822475706
DA:432,232450146
DA:433,232450146
DA:434,232450146
DA:435,232450146
DA:436,1161412549
DA:437,928962403
DA:438,464900292
DA:439,232450146
DA:440,232450146
DA:441,232450146
DA:442,928962403
DA:443,232450146
DA:445,10869
DA:446,97821
DA:447,10869
DA:449,1233
DA:450,1233
DA:453,1250
DA:454,1250
DA:455,1250
DA:456,1250
DA:458,4315
DA:459,4315
DA:462,17260
DA:463,21575
DA:464,4315
DA:466,4315
DA:467,4315
DA:469,1129
DA:470,1129
DA:473,535
DA:474,535
DA:475,535
DA:476,535
DA:478,5327
DA:479,5327
DA:480,13039
DA:481,7712
DA:482,5327
DA:485,594
DA:486,594
DA:487,594
DA:488,594
DA:489,594
DA:491,594
DA:492,285
DA:493,1
DA:494,1
DA:498,284
DA:499,284
DA:501,4449
DA:502,4165
DA:503,4165
DA:504,4165
DA:505,4165
DA:508,284
DA:509,41
DA:510,41
DA:511,243
DA:512,243
DA:515,285
DA:516,594
DA:517,2208
DA:518,552
DA:519,552
DA:520,594
DA:523,81652677
DA:524,81652677
DA:525,81652677
DA:526,653221416
DA:527,571568739
DA:528,571568739
DA:529,571568739
DA:530,571568739
DA:531,571568739
DA:532,81652677
DA:533,81652677
DA:535,4165
DA:536,4165
DA:537,1622
DA:538,4165
DA:539,365
DA:540,365
DA:541,4165
DA:543,280209
DA:544,280209
DA:545,63047025
DA:546,62766816
DA:547,62766816
DA:548,62766816
DA:550,62766816
DA:551,62766816
DA:552,280209
DA:554,198
DA:556,198
DA:557,198
DA:558,198
DA:559,198
DA:562,198
DA:563,198
DA:564,198
DA:566,198
DA:567,90
DA:568,108
DA:569,101
DA:571,198
DA:572,198
DA:574,198
DA:575,94
DA:576,94
DA:577,94
DA:578,104
DA:579,2
DA:580,2
DA:581,102
DA:582,59
DA:583,59
DA:584,59
DA:585,43
DA:586,43
DA:587,43
DA:591,198
DA:592,198
DA:593,198
DA:596,1674
DA:599,1674
DA:601,376650
DA:602,374976
DA:603,84369600
DA:604,83994624
DA:605,83994624
DA:606,83994624
DA:607,42184800
DA:608,374976
DA:609,374976
DA:610,1674
DA:613,4284
DA:615,4284
DA:616,4284
DA:617,4284
DA:619,558208
DA:620,558207
DA:621,558207
DA:622,558207
DA:623,553924
DA:626,562491
DA:627,558207
DA:628,38718404
DA:630,558207
DA:631,278100
DA:632,278100
DA:633,280107
DA:634,280107
DA:635,280107
DA:637,558207
DA:639,4284
DA:641,4284
DA:643,4284
DA:644,4284
DA:645,4284
DA:647,179
DA:649,179
DA:650,179
DA:651,179
DA:652,179
DA:653,179
DA:656,88
DA:661,88
DA:662,88
DA:663,88
DA:664,88
DA:665,88
DA:666,88
DA:667,88
DA:668,28
DA:669,28
DA:670,60
DA:671,60
DA:672,420
DA:673,360
DA:674,360
DA:675,360
DA:676,60
DA:677,60
DA:678,60
DA:681,60
DA:682,60
DA:683,162
DA:684,102
DA:685,72
DA:686,72
DA:687,72
DA:688,30
DA:690,102
DA:691,60
DA:692,37
DA:693,37
DA:694,37
DA:695,60
DA:696,60
DA:697,60
DA:699,88
DA:701,0
DA:702,0
DA:703,0
DA:704,0
DA:705,0
LF:494
LH:489
end_of_record
TN:s21_decimal
SF:/Users/sukhanovalexey/Desktop/TEMP_DECIMAL/C-Decimal/tests/test_add.c
FN:101,112,s21_add_test_8_fn
FN:1011,1022,s21_add_test_77_fn
FN:1025,1036,s21_add_test_78_fn
FN:1039,1050,s21_add_test_79_fn
FN:1053,1064,s21_add_test_80_fn
FN:1067,1078,s21_add_test_81_fn
FN:1081,1092,s21_add_test_82_fn
FN:1095,1106,s21_add_test_83_fn
FN:1109,1120,s21_add_test_84_fn
FN:1123,1134,s21_add_test_85_fn
FN:1137,1148,s21_add_test_86_fn
FN:115,126,s21_add_test_10_fn
FN:1151,1162,s21_add_test_87_fn
FN:1165,1176,s21_add_test_88_fn
FN:1179,1190,s21_add_test_89_fn
FN:1193,1204,s21_add_test_90_fn
FN:1207,1218,s21_add_test_91_fn
FN:1221,1232,s21_add_test_92_fn
FN:1235,1246,s21_add_test_94_fn
FN:1249,1260,s21_add_test_95_fn
FN:1263,1274,s21_add_test_96_fn
FN:1277,1288,s21_add_test_97_fn
FN:129,140,s21_add_test_11_fn
FN:1291,1302,s21_add_test_98_fn
FN:1305,1316,s21_add_test_99_fn
FN:1319,1330,s21_add_test_100_fn
FN:1333,1344,s21_add_test_103_fn
FN:1347,1358,s21_add_test_104_fn
FN:1361,1372,s21_add_test_105_fn
FN:1375,1482,suite_add
FN:143,154,s21_add_test_12_fn
FN:157,168,s21_add_test_13_fn
FN:17,28,s21_add_test_2_fn
FN:171,182,s21_add_test_14_fn
FN:185,196,s21_add_test_15_fn
FN:199,210,s21_add_test_16_fn
FN:213,224,s21_add_test_17_fn
FN:227,238,s21_add_test_18_fn
FN:241,252,s21_add_test_19_fn
FN:255,266,s21_add_test_21_fn
FN:269,280,s21_add_test_22_fn
FN:283,294,s21_add_test_23_fn
FN:297,308,s21_add_test_24_fn
FN:3,14,s21_add_test_1_fn
FN:31,42,s21_add_test_3_fn
FN:311,322,s21_add_test_25_fn
FN:325,336,s21_add_test_26_fn
FN:339,350,s21_add_test_27_fn
FN:353,364,s21_add_test_28_fn
FN:367,378,s21_add_test_29_fn
FN:381,392,s21_add_test_30_fn
FN:395,406,s21_add_test_31_fn
FN:409,420,s21_add_test_32_fn
FN:423,434,s21_add_test_33_fn
FN:437,448,s21_add_test_35_fn
FN:45,56,s21_add_test_4_fn
FN:451,462,s21_add_test_36_fn
FN:465,476,s21_add_test_37_fn
FN:479,490,s21_add_test_38_fn
FN:493,504,s21_add_test_39_fn
FN:507,518,s21_add_test_40_fn
FN:521,532,s21_add_test_41_fn
FN:535,546,s21_add_test_42_fn
FN:549,560,s21_add_test_43_fn
FN:563,574,s21_add_test_44_fn
FN:577,588,s21_add_test_45_fn
FN:59,70,s21_add_test_5_fn
FN:591,602,s21_add_test_46_fn
FN:605,616,s21_add_test_47_fn
FN:619,630,s21_add_test_48_fn
FN:633,644,s21_add_test_49_fn
FN:647,658,s21_add_test_50_fn
FN:661,672,s21_add_test_51_fn
FN:675,686,s21_add_test_52_fn
FN:689,700,s21_add_test_53_fn
FN:703,714,s21_add_test_54_fn
FN:717,728,s21_add_test_55_fn
FN:73,84,s21_add_test_6_fn
FN:731,742,s21_add_test_56_fn
FN:745,756,s21_add_test_57_fn
FN:759,770,s21_add_test_58_fn
FN:773,784,s21_add_test_59_fn
FN:787,798,s21_add_test_60_fn
FN:801,812,s21_add_test_61_fn
FN:815,826,s21_add_test_62_fn
FN:829,840,s21_add_test_63_fn
FN:843,854,s21_add_test_64_fn
FN:857,868,s21_add_test_65_fn
FN:87,98,s21_add_test_7_fn
FN:871,882,s21_add_test_66_fn
FN:885,896,s21_add_test_67_fn
FN:899,910,s21_add_test_68_fn
FN:913,924,s21_add_test_69_fn
FN:927,938,s21_add_test_71_fn
FN:941,952,s21_add_test_72_fn
FN:955,966,s21_add_test_73_fn
FN:969,980,s21_add_test_74_fn
FN:983,994,s21_add_test_75_fn
FN:997,1008,s21_add_test_76_fn
FNDA:1,s21_add_test_8_fn
FNDA:1,s21_add_test_77_fn
FNDA:1,s21_add_test_78_fn
FNDA:1,s21_add_test_79_fn
FNDA:1,s21_add_test_80_fn
FNDA:1,s21_add_test_81_fn
FNDA:1,s21_add_test_82_fn
FNDA:1,s21_add_test_83_fn
FNDA:1,s21_add_test_84_fn
FNDA:1,s21_add_test_85_fn
FNDA:1,s21_add_test_86_fn
FNDA:1,s21_add_test_10_fn
FNDA:1,s21_add_test_87_fn
FNDA:1,s21_add_test_88_fn
FNDA:1,s21_add_test_89_fn
FNDA:1,s21_add_test_90_fn
FNDA:1,s21_add_test_91_fn
FNDA:1,s21_add_test_92_fn
FNDA:1,s21_add_test_94_fn
FNDA:1,s21_add_test_95_fn
FNDA:1,s21_add_test_96_fn
FNDA:1,s21_add_test_97_fn
FNDA:1,s21_add_test_11_fn
FNDA:1,s21_add_test_98_fn
FNDA:1,s21_add_test_99_fn
FNDA:1,s21_add_test_100_fn
FNDA:1,s21_add_test_103_fn
FNDA:1,s21_add_test_104_fn
FNDA:1,s21_add_test_105_fn
FNDA:1,suite_add
FNDA:1,s21_add_test_12_fn
FNDA:1,s21_add_test_13_fn
FNDA:1,s21_add_test_2_fn
FNDA:1,s21_add_test_14_fn
FNDA:1,s21_add_test_15_fn
FNDA:1,s21_add_test_16_fn
FNDA:1,s21_add_test_17_fn
FNDA:1,s21_add_test_18_fn
FNDA:1,s21_add_test_19_fn
FNDA:1,s21_add_test_21_fn
FNDA:1,s21_add_test_22_fn
FNDA:1,s21_add_test_23_fn
FNDA:1,s21_add_test_24_fn
FNDA:1,s21_add_test_1_fn
FNDA:1,s21_add_test_3_fn
FNDA:1,s21_add_test_25_fn
FNDA:1,s21_add_test_26_fn
FNDA:1,s21_add_test_27_fn
FNDA:1,s21_add_test_28_fn
FNDA:1,s21_add_test_29_fn
FNDA:1,s21_add_test_30_fn
FNDA:1,s21_add_test_31_fn
FNDA:1,s21_add_test_32_fn
FNDA:1,s21_add_test_33_fn
FNDA:1,s21_add_test_35_fn
FNDA:1,s21_add_test_4_fn
FNDA:1,s21_add_test_36_fn
FNDA:1,s21_add_test_37_fn
FNDA:1,s21_add_test_38_fn
FNDA:1,s21_add_test_39_fn
FNDA:1,s21_add_test_40_fn
FNDA:1,s21_add_test_41_fn
FNDA:1,s21_add_test_42_fn
FNDA:1,s21_add_test_43_fn
FNDA:1,s21_add_test_44_fn
FNDA:1,s21_add_test_45_fn
FNDA:1,s21_add_test_5_fn
FNDA:1,s21_add_test_46_fn
FNDA:1,s21_add_test_47_fn
FNDA:1,s21_add_test_48_fn
FNDA:1,s21_add_test_49_fn
FNDA:1,s21_add_test_50_fn
FNDA:1,s21_add_test_51_fn
FNDA:1,s21_add_test_52_fn
FNDA:1,s21_add_test_53_fn
FNDA:1,s21_add_test_54_fn
FNDA:1,s21_add_test_55_fn
FNDA:1,s21_add_test_6_fn
FNDA:1,s21_add_test_56_fn
FNDA:1,s21_add_test_57_fn
FNDA:1,s21_add_test_58_fn
FNDA:1,s21_add_test_59_fn
FNDA:1,s21_add_test_60_fn
FNDA:1,s21_add_test_61_fn
FNDA:1,s21_add_test_62_fn
FNDA:1,s21_add_test_63_fn
FNDA:1,s21_add_test_64_fn
FNDA:1,s21_add_test_65_fn
FNDA:1,s21_add_test_7_fn
FNDA:1,s21_add_test_66_fn
FNDA:1,s21_add_test_67_fn
FNDA:1,s21_add_test_68_fn
FNDA:1,s21_add_test_69_fn
FNDA:1,s21_add_test_71_fn
FNDA:1,s21_add_test_72_fn
FNDA:1,s21_add_test_73_fn
FNDA:1,s21_add_test_74_fn
FNDA:1,s21_add_test_75_fn
FNDA:1,s21_add_test_76_fn
FNF:99
FNH:99
DA:3,1
DA:6,1
DA:7,1
DA:8,1
DA:9,1
DA:10,1
DA:12,1
DA:13,1
DA:14,1
DA:17,1
DA:20,1
DA:21,1
DA:22,1
DA:23,1
DA:24,1
DA:26,1
DA:27,1
DA:28,1
DA:31,1
DA:34,1
DA:35,1
DA:36,1
DA:37,1
DA:38,1
DA:40,1
DA:41,1
DA:42,1
DA:45,1
DA:48,1
DA:49,1
DA:50,1
DA:51,1
DA:52,1
DA:54,1
DA:55,1
DA:56,1
DA:59,1
DA:62,1
DA:63,1
DA:64,1
DA:65,1
DA:66,1
DA:68,1
DA:69,1
DA:70,1
DA:73,1
DA:76,1
DA:77,1
DA:78,1
DA:79,1
DA:80,1
DA:82,1
DA:83,1
DA:84,1
DA:87,1
DA:90,1
DA:91,1
DA:92,1
DA:93,1
DA:94,1
DA:96,1
DA:97,1
DA:98,1
DA:101,1
DA:104,1
DA:105,1
DA:106,1
DA:107,1
DA:108,1
DA:110,1
DA:111,1
DA:112,1
DA:115,1
DA:118,1
DA:119,1
DA:120,1
DA:121,1
DA:122,1
DA:124,1
DA:125,1
DA:126,1
DA:129,1
DA:132,1
DA:133,1
DA:134,1
DA:135,1
DA:136,1
DA:138,1
DA:139,1
DA:140,1
DA:143,1
DA:146,1
DA:147,1
DA:148,1
DA:149,1
DA:150,1
DA:152,1
DA:153,1
DA:154,1
DA:157,1
DA:160,1
DA:161,1
DA:162,1
DA:163,1
DA:164,1
DA:166,1
DA:167,1
DA:168,1
DA:171,1
DA:174,1
DA:175,1
DA:176,1
DA:177,1
DA:178,1
DA:180,1
DA:181,1
DA:182,1
DA:185,1
DA:188,1
DA:189,1
DA:190,1
DA:191,1
DA:192,1
DA:194,1
DA:195,1
DA:196,1
DA:199,1
DA:202,1
DA:203,1
DA:204,1
DA:205,1
DA:206,1
DA:208,1
DA:209,1
DA:210,1
DA:213,1
DA:216,1
DA:217,1
DA:218,1
DA:219,1
DA:220,1
DA:222,1
DA:223,1
DA:224,1
DA:227,1
DA:230,1
DA:231,1
DA:232,1
DA:233,1
DA:234,1
DA:236,1
DA:237,1
DA:238,1
DA:241,1
DA:244,1
DA:245,1
DA:246,1
DA:247,1
DA:248,1
DA:250,1
DA:251,1
DA:252,1
DA:255,1
DA:258,1
DA:259,1
DA:260,1
DA:261,1
DA:262,1
DA:264,1
DA:265,1
DA:266,1
DA:269,1
DA:272,1
DA:273,1
DA:274,1
DA:275,1
DA:276,1
DA:278,1
DA:279,1
DA:280,1
DA:283,1
DA:286,1
DA:287,1
DA:288,1
DA:289,1
DA:290,1
DA:292,1
DA:293,1
DA:294,1
DA:297,1
DA:300,1
DA:301,1
DA:302,1
DA:303,1
DA:304,1
DA:306,1
DA:307,1
DA:308,1
DA:311,1
DA:314,1
DA:315,1
DA:316,1
DA:317,1
DA:318,1
DA:320,1
DA:321,1
DA:322,1
DA:325,1
DA:328,1
DA:329,1
DA:330,1
DA:331,1
DA:332,1
DA:334,1
DA:335,1
DA:336,1
DA:339,1
DA:342,1
DA:343,1
DA:344,1
DA:345,1
DA:346,1
DA:348,1
DA:349,1
DA:350,1
DA:353,1
DA:356,1
DA:357,1
DA:358,1
DA:359,1
DA:360,1
DA:362,1
DA:363,1
DA:364,1
DA:367,1
DA:370,1
DA:371,1
DA:372,1
DA:373,1
DA:374,1
DA:376,1
DA:377,1
DA:378,1
DA:381,1
DA:384,1
DA:385,1
DA:386,1
DA:387,1
DA:388,1
DA:390,1
DA:391,1
DA:392,1
DA:395,1
DA:398,1
DA:399,1
DA:400,1
DA:401,1
DA:402,1
DA:404,1
DA:405,1
DA:406,1
DA:409,1
DA:412,1
DA:413,1
DA:414,1
DA:415,1
DA:416,1
DA:418,1
DA:419,1
DA:420,1
DA:423,1
DA:426,1
DA:427,1
DA:428,1
DA:429,1
DA:430,1
DA:432,1
DA:433,1
DA:434,1
DA:437,1
DA:440,1
DA:441,1
DA:442,1
DA:443,1
DA:444,1
DA:446,1
DA:447,1
DA:448,1
DA:451,1
DA:454,1
DA:455,1
DA:456,1
DA:457,1
DA:458,1
DA:460,1
DA:461,1
DA:462,1
DA:465,1
DA:468,1
DA:469,1
DA:470,1
DA:471,1
DA:472,1
DA:474,1
DA:475,1
DA:476,1
DA:479,1
DA:482,1
DA:483,1
DA:484,1
DA:485,1
DA:486,1
DA:488,1
DA:489,1
DA:490,1
DA:493,1
DA:496,1
DA:497,1
DA:498,1
DA:499,1
DA:500,1
DA:502,1
DA:503,1
DA:504,1
DA:507,1
DA:510,1
DA:511,1
DA:512,1
DA:513,1
DA:514,1
DA:516,1
DA:517,1
DA:518,1
DA:521,1
DA:524,1
DA:525,1
DA:526,1
DA:527,1
DA:528,1
DA:530,1
DA:531,1
DA:532,1
DA:535,1
DA:538,1
DA:539,1
DA:540,1
DA:541,1
DA:542,1
DA:544,1
DA:545,1
DA:546,1
DA:549,1
DA:552,1
DA:553,1
DA:554,1
DA:555,1
DA:556,1
DA:558,1
DA:559,1
DA:560,1
DA:563,1
DA:566,1
DA:567,1
DA:568,1
DA:569,1
DA:570,1
DA:572,1
DA:573,1
DA:574,1
DA:577,1
DA:580,1
DA:581,1
DA:582,1
DA:583,1
DA:584,1
DA:586,1
DA:587,1
DA:588,1
DA:591,1
DA:594,1
DA:595,1
DA:596,1
DA:597,1
DA:598,1
DA:600,1
DA:601,1
DA:602,1
DA:605,1
DA:608,1
DA:609,1
DA:610,1
DA:611,1
DA:612,1
DA:614,1
DA:615,1
DA:616,1
DA:619,1
DA:622,1
DA:623,1
DA:624,1
DA:625,1
DA:626,1
DA:628,1
DA:629,1
DA:630,1
DA:633,1
DA:636,1
DA:637,1
DA:638,1
DA:639,1
DA:640,1
DA:642,1
DA:643,1
DA:644,1
DA:647,1
DA:650,1
DA:651,1
DA:652,1
DA:653,1
DA:654,1
DA:656,1
DA:657,1
DA:658,1
DA:661,1
DA:664,1
DA:665,1
DA:666,1
DA:667,1
DA:668,1
DA:670,1
DA:671,1
DA:672,1
DA:675,1
DA:678,1
DA:679,1
DA:680,1
DA:681,1
DA:682,1
DA:684,1
DA:685,1
DA:686,1
DA:689,1
DA:692,1
DA:693,1
DA:694,1
DA:695,1
DA:696,1
DA:698,1
DA:699,1
DA:700,1
DA:703,1
DA:706,1
DA:707,1
DA:708,1
DA:709,1
DA:710,1
DA:712,1
DA:713,1
DA:714,1
DA:717,1
DA:720,1
DA:721,1
DA:722,1
DA:723,1
DA:724,1
DA:726,1
DA:727,1
DA:728,1
DA:731,1
DA:734,1
DA:735,1
DA:736,1
DA:737,1
DA:738,1
DA:740,1
DA:741,1
DA:742,1
DA:745,1
DA:748,1
DA:749,1
DA:750,1
DA:751,1
DA:752,1
DA:754,1
DA:755,1
DA:756,1
DA:759,1
DA:762,1
DA:763,1
DA:764,1
DA:765,1
DA:766,1
DA:768,1
DA:769,1
DA:770,1
DA:773,1
DA:776,1
DA:777,1
DA:778,1
DA:779,1
DA:780,1
DA:782,1
DA:783,1
DA:784,1
DA:787,1
DA:790,1
DA:791,1
DA:792,1
DA:793,1
DA:794,1
DA:796,1
DA:797,1
DA:798,1
DA:801,1
DA:804,1
DA:805,1
DA:806,1
DA:807,1
DA:808,1
DA:810,1
DA:811,1
DA:812,1
DA:815,1
DA:818,1
DA:819,1
DA:820,1
DA:821,1
DA:822,1
DA:824,1
DA:825,1
DA:826,1
DA:829,1
DA:832,1
DA:833,1
DA:834,1
DA:835,1
DA:836,1
DA:838,1
DA:839,1
DA:840,1
DA:843,1
DA:846,1
DA:847,1
DA:848,1
DA:849,1
DA:850,1
DA:852,1
DA:853,1
DA:854,1
DA:857,1
DA:860,1
DA:861,1
DA:862,1
DA:863,1
DA:864,1
DA:866,1
DA:867,1
DA:868,1
DA:871,1
DA:874,1
DA:875,1
DA:876,1
DA:877,1
DA:878,1
DA:880,1
DA:881,1
DA:882,1
DA:885,1
DA:888,1
DA:889,1
DA:890,1
DA:891,1
DA:892,1
DA:894,1
DA:895,1
DA:896,1
DA:899,1
DA:902,1
DA:903,1
DA:904,1
DA:905,1
DA:906,1
DA:908,1
DA:909,1
DA:910,1
DA:913,1
DA:916,1
DA:917,1
DA:918,1
DA:919,1
DA:920,1
DA:922,1
DA:923,1
DA:924,1
DA:927,1
DA:930,1
DA:931,1
DA:932,1
DA:933,1
DA:934,1
DA:936,1
DA:937,1
DA:938,1
DA:941,1
DA:944,1
DA:945,1
DA:946,1
DA:947,1
DA:948,1
DA:950,1
DA:951,1
DA:952,1
DA:955,1
DA:958,1
DA:959,1
DA:960,1
DA:961,1
DA:962,1
DA:964,1
DA:965,1
DA:966,1
DA:969,1
DA:972,1
DA:973,1
DA:974,1
DA:975,1
DA:976,1
DA:978,1
DA:979,1
DA:980,1
DA:983,1
DA:986,1
DA:987,1
DA:988,1
DA:989,1
DA:990,1
DA:992,1
DA:993,1
DA:994,1
DA:997,1
DA:1000,1
DA:1001,1
DA:1002,1
DA:1003,1
DA:1004,1
DA:1006,1
DA:1007,1
DA:1008,1
DA:1011,1
DA:1014,1
DA:1015,1
DA:1016,1
DA:1017,1
DA:1018,1
DA:1020,1
DA:1021,1
DA:1022,1
DA:1025,1
DA:1028,1
DA:1029,1
DA:1030,1
DA:1031,1
DA:1032,1
DA:1034,1
DA:1035,1
DA:1036,1
DA:1039,1
DA:1042,1
DA:1043,1
DA:1044,1
DA:1045,1
DA:1046,1
DA:1048,1
DA:1049,1
DA:1050,1
DA:1053,1
DA:1056,1
DA:1057,1
DA:1058,1
DA:1059,1
DA:1060,1
DA:1062,1
DA:1063,1
DA:1064,1
DA:1067,1
DA:1070,1
DA:1071,1
DA:1072,1
DA:1073,1
DA:1074,1
DA:1076,1
DA:1077,1
DA:1078,1
DA:1081,1
DA:1084,1
DA:1085,1
DA:1086,1
DA:1087,1
DA:1088,1
DA:1090,1
DA:1091,1
DA:1092,1
DA:1095,1
DA:1098,1
DA:1099,1
DA:1100,1
DA:1101,1
DA:1102,1
DA:1104,1
DA:1105,1
DA:1106,1
DA:1109,1
DA:1112,1
DA:1113,1
DA:1114,1
DA:1115,1
DA:1116,1
DA:1118,1
DA:1119,1
DA:1120,1
DA:1123,1
DA:1126,1
DA:1127,1
DA:1128,1
DA:1129,1
DA:1130,1
DA:1132,1
DA:1133,1
DA:1134,1
DA:1137,1
DA:1140,1
DA:1141,1
DA:1142,1
DA:1143,1
DA:1144,1
DA:1146,1
DA:1147,1
DA:1148,1
DA:1151,1
DA:1154,1
DA:1155,1
DA:1156,1
DA:1157,1
DA:1158,1
DA:1160,1
DA:1161,1
DA:1162,1
DA:1165,1
DA:1168,1
DA:1169,1
DA:1170,1
DA:1171,1
DA:1172,1
DA:1174,1
DA:1175,1
DA:1176,1
DA:1179,1
DA:1182,1
DA:1183,1
DA:1184,1
DA:1185,1
DA:1186,1
DA:1188,1
DA:1189,1
DA:1190,1
DA:1193,1
DA:1196,1
DA:1197,1
DA:1198,1
DA:1199,1
DA:1200,1
DA:1202,1
DA:1203,1
DA:1204,1
DA:1207,1
DA:1210,1
DA:1211,1
DA:1212,1
DA:1213,1
DA:1214,1
DA:1216,1
DA:1217,1
DA:1218,1
DA:1221,1
DA:1224,1
DA:1225,1
DA:1226,1
DA:1227,1
DA:1228,1
DA:1230,1
DA:1231,1
DA:1232,1
DA:1235,1
DA:1238,1
DA:1239,1
DA:1240,1
DA:1241,1
DA:1242,1
DA:1244,1
DA:1245,1
DA:1246,1
DA:1249,1
DA:1252,1
DA:1253,1
DA:1254,1
DA:1255,1
DA:1256,1
DA:1258,1
DA:1259,1
DA:1260,1
DA:1263,1
DA:1266,1
DA:1267,1
DA:1268,1
DA:1269,1
DA:1270,1
DA:1272,1
DA:1273,1
DA:1274,1
DA:1277,1
DA:1280,1
DA:1281,1
DA:1282,1
DA:1283,1
DA:1284,1
DA:1286,1
DA:1287,1
DA:1288,1
DA:1291,1
DA:1294,1
DA:1295,1
DA:1296,1
DA:1297,1
DA:1298,1
DA:1300,1
DA:1301,1
DA:1302,1
DA:1305,1
DA:1308,1
DA:1309,1
DA:1310,1
DA:1311,1
DA:1312,1
DA:1314,1
DA:1315,1
DA:1316,1
DA:1319,1
DA:1322,1
DA:1323,1
DA:1324,1
DA:1325,1
DA:1326,1
DA:1328,1
DA:1329,1
DA:1330,1
DA:1333,1
DA:1336,1
DA:1337,1
DA:1338,1
DA:1339,1
DA:1340,1
DA:1342,1
DA:1343,1
DA:1344,1
DA:1347,1
DA:1350,1
DA:1351,1
DA:1352,1
DA:1353,1
DA:1354,1
DA:1356,1
DA:1357,1
DA:1358,1
DA:1361,1
DA:1364,1
DA:1365,1
DA:1366,1
DA:1367,1
DA:1368,1
DA:1370,1
DA:1371,1
DA:1372,1
DA:1375,1
DA:1376,1
DA:1377,1
DA:1378,1
DA:1379,1
DA:1380,1
DA:1381,1
DA:1382,1
DA:1383,1
DA:1384,1
DA:1385,1
DA:1387,1
DA:1388,1
DA:1389,1
DA:1390,1
DA:1391,1
DA:1392,1
DA:1393,1
DA:1394,1
DA:1395,1
DA:1396,1
DA:1397,1
DA:1398,1
DA:1399,1
DA:1400,1
DA:1401,1
DA:1402,1
DA:1403,1
DA:1404,1
DA:1405,1
DA:1406,1
DA:1407,1
DA:1408,1
DA:1409,1
DA:1411,1
DA:1412,1
DA:1413,1
DA:1414,1
DA:1415,1
DA:1416,1
DA:1417,1
DA:1418,1
DA:1419,1
DA:1420,1
DA:1421,1
DA:1422,1
DA:1423,1
DA:1424,1
DA:1425,1
DA:1426,1
DA:1427,1
DA:1428,1
DA:1429,1
DA:1430,1
DA:1431,1
DA:1432,1
DA:1433,1
DA:1434,1
DA:1435,1
DA:1436,1
DA:1437,1
DA:1438,1
DA:1439,1
DA:1440,1
DA:1441,1
DA:1442,1
DA:1443,1
DA:1444,1
DA:1445,1
DA:1446,1
DA:1447,1
DA:1448,1
DA:1449,1
DA:1450,1
DA:1451,1
DA:1452,1
DA:1453,1
DA:1454,1
DA:1455,1
DA:1456,1
DA:1457,1
DA:1458,1
DA:1459,1
DA:1460,1
DA:1461,1
DA:1462,1
DA:1463,1
DA:1464,1
DA:1465,1
DA:1466,1
DA:1467,1
DA:1469,1
DA:1470,1
DA:1471,1
DA:1472,1
DA:1473,1
DA:1474,1
DA:1475,1
DA:1476,1
DA:1477,1
DA:1478,1
DA:1480,1
DA:1482,1
LF:985
LH:985
end_of_record
TN:s21_decimal
SF:/Users/sukhanovalexey/Desktop/TEMP_DECIMAL/C-Decimal/tests/test_compare.c
FN:1017,1040,s21_comp_test_40_fn
FN:1043,1066,s21_comp_test_41_fn
FN:1069,1092,s21_comp_test_42_fn
FN:107,130,s21_comp_test_5_fn
FN:1095,1118,s21_comp_test_43_fn
FN:1121,1144,s21_comp_test_44_fn
FN:1147,1170,s21_comp_test_45_fn
FN:1173,1196,s21_comp_test_46_fn
FN:1199,1222,s21_comp_test_47_fn
FN:1225,1248,s21_comp_test_48_fn
FN:1251,1274,s21_comp_test_49_fn
FN:1277,1300,s21_comp_test_50_fn
FN:1303,1326,s21_comp_test_51_fn
FN:1329,1352,s21_comp_test_52_fn
FN:133,156,s21_comp_test_6_fn
FN:1355,1378,s21_comp_test_53_fn
FN:1381,1404,s21_comp_test_54_fn
FN:1407,1430,s21_comp_test_55_fn
FN:1433,1456,s21_comp_test_56_fn
FN:1459,1482,s21_comp_test_57_fn
FN:1485,1508,s21_comp_test_58_fn
FN:1511,1534,s21_comp_test_59_fn
FN:1537,1560,s21_comp_test_60_fn
FN:1563,1586,s21_comp_test_61_fn
FN:1589,1612,s21_comp_test_62_fn
FN:159,182,s21_comp_test_7_fn
FN:1615,1638,s21_comp_test_63_fn
FN:1641,1664,s21_comp_test_64_fn
FN:1667,1690,s21_comp_test_65_fn
FN:1693,1716,s21_comp_test_66_fn
FN:1719,1742,s21_comp_test_67_fn
FN:1745,1768,s21_comp_test_68_fn
FN:1771,1794,s21_comp_test_69_fn
FN:1797,1820,s21_comp_test_70_fn
FN:1823,1846,s21_comp_test_71_fn
FN:1849,1872,s21_comp_test_72_fn
FN:185,208,s21_comp_test_8_fn
FN:1875,1898,s21_comp_test_73_fn
FN:1901,1924,s21_comp_test_74_fn
FN:1927,1950,s21_comp_test_75_fn
FN:1953,1976,s21_comp_test_76_fn
FN:1979,2002,s21_comp_test_77_fn
FN:2005,2028,s21_comp_test_78_fn
FN:2031,2054,s21_comp_test_79_fn
FN:2057,2080,s21_comp_test_80_fn
FN:2083,2106,s21_comp_test_81_fn
FN:2109,2132,s21_comp_test_82_fn
FN:211,234,s21_comp_test_9_fn
FN:2135,2158,s21_comp_test_83_fn
FN:2161,2184,s21_comp_test_84_fn
FN:2187,2210,s21_comp_test_85_fn
FN:2213,2236,s21_comp_test_86_fn
FN:2239,2262,s21_comp_test_87_fn
FN:2265,2288,s21_comp_test_88_fn
FN:2291,2314,s21_comp_test_89_fn
FN:2317,2340,s21_comp_test_90_fn
FN:2343,2366,s21_comp_test_91_fn
FN:2369,2392,s21_comp_test_92_fn
FN:237,260,s21_comp_test_10_fn
FN:2395,2418,s21_comp_test_93_fn
FN:2421,2444,s21_comp_test_94_fn
FN:2447,2470,s21_comp_test_95_fn
FN:2473,2496,s21_comp_test_96_fn
FN:2499,2522,s21_comp_test_97_fn
FN:2525,2548,s21_comp_test_98_fn
FN:2551,2574,s21_comp_test_99_fn
FN:2577,2600,s21_comp_test_100_fn
FN:2603,2626,s21_comp_test_101_fn
FN:2629,2652,s21_comp_test_102_fn
FN:263,286,s21_comp_test_11_fn
FN:2655,2678,s21_comp_test_103_fn
FN:2681,2704,s21_comp_test_104_fn
FN:2707,2817,test_comp
FN:289,312,s21_comp_test_12_fn
FN:29,52,s21_comp_test_2_fn
FN:3,26,s21_comp_test_1_fn
FN:315,338,s21_comp_test_13_fn
FN:341,364,s21_comp_test_14_fn
FN:367,390,s21_comp_test_15_fn
FN:393,416,s21_comp_test_16_fn
FN:419,442,s21_comp_test_17_fn
FN:445,468,s21_comp_test_18_fn
FN:471,494,s21_comp_test_19_fn
FN:497,520,s21_comp_test_20_fn
FN:523,546,s21_comp_test_21_fn
FN:549,572,s21_comp_test_22_fn
FN:55,78,s21_comp_test_3_fn
FN:575,598,s21_comp_test_23_fn
FN:601,624,s21_comp_test_24_fn
FN:627,650,s21_comp_test_25_fn
FN:653,676,s21_comp_test_26_fn
FN:679,702,s21_comp_test_27_fn
FN:705,728,s21_comp_test_28_fn
FN:731,754,s21_comp_test_29_fn
FN:757,780,s21_comp_test_30_fn
FN:783,806,s21_comp_test_31_fn
FN:809,832,s21_comp_test_32_fn
FN:81,104,s21_comp_test_4_fn
FN:835,858,s21_comp_test_33_fn
FN:861,884,s21_comp_test_34_fn
FN:887,910,s21_comp_test_35_fn
FN:913,936,s21_comp_test_36_fn
FN:939,962,s21_comp_test_37_fn
FN:965,988,s21_comp_test_38_fn
FN:991,1014,s21_comp_test_39_fn
FNDA:1,s21_comp_test_40_fn
FNDA:1,s21_comp_test_41_fn
FNDA:1,s21_comp_test_42_fn
FNDA:1,s21_comp_test_5_fn
FNDA:1,s21_comp_test_43_fn
FNDA:1,s21_comp_test_44_fn
FNDA:1,s21_comp_test_45_fn
FNDA:1,s21_comp_test_46_fn
FNDA:1,s21_comp_test_47_fn
FNDA:1,s21_comp_test_48_fn
FNDA:1,s21_comp_test_49_fn
FNDA:1,s21_comp_test_50_fn
FNDA:1,s21_comp_test_51_fn
FNDA:1,s21_comp_test_52_fn
FNDA:1,s21_comp_test_6_fn
FNDA:1,s21_comp_test_53_fn
FNDA:1,s21_comp_test_54_fn
FNDA:1,s21_comp_test_55_fn
FNDA:1,s21_comp_test_56_fn
FNDA:1,s21_comp_test_57_fn
FNDA:1,s21_comp_test_58_fn
FNDA:1,s21_comp_test_59_fn
FNDA:1,s21_comp_test_60_fn
FNDA:1,s21_comp_test_61_fn
FNDA:1,s21_comp_test_62_fn
FNDA:1,s21_comp_test_7_fn
FNDA:1,s21_comp_test_63_fn
FNDA:1,s21_comp_test_64_fn
FNDA:1,s21_comp_test_65_fn
FNDA:1,s21_comp_test_66_fn
FNDA:1,s21_comp_test_67_fn
FNDA:1,s21_comp_test_68_fn
FNDA:1,s21_comp_test_69_fn
FNDA:1,s21_comp_test_70_fn
FNDA:1,s21_comp_test_71_fn
FNDA:1,s21_comp_test_72_fn
FNDA:1,s21_comp_test_8_fn
FNDA:1,s21_comp_test_73_fn
FNDA:1,s21_comp_test_74_fn
FNDA:1,s21_comp_test_75_fn
FNDA:1,s21_comp_test_76_fn
FNDA:1,s21_comp_test_77_fn
FNDA:1,s21_comp_test_78_fn
FNDA:1,s21_comp_test_79_fn
FNDA:1,s21_comp_test_80_fn
FNDA:1,s21_comp_test_81_fn
FNDA:1,s21_comp_test_82_fn
FNDA:1,s21_comp_test_9_fn
FNDA:1,s21_comp_test_83_fn
FNDA:1,s21_comp_test_84_fn
FNDA:1,s21_comp_test_85_fn
FNDA:1,s21_comp_test_86_fn
FNDA:1,s21_comp_test_87_fn
FNDA:1,s21_comp_test_88_fn
FNDA:1,s21_comp_test_89_fn
FNDA:1,s21_comp_test_90_fn
FNDA:1,s21_comp_test_91_fn
FNDA:1,s21_comp_test_92_fn
FNDA:1,s21_comp_test_10_fn
FNDA:1,s21_comp_test_93_fn
FNDA:1,s21_comp_test_94_fn
FNDA:1,s21_comp_test_95_fn
FNDA:1,s21_comp_test_96_fn
FNDA:1,s21_comp_test_97_fn
FNDA:1,s21_comp_test_98_fn
FNDA:1,s21_comp_test_99_fn
FNDA:1,s21_comp_test_100_fn
FNDA:1,s21_comp_test_101_fn
FNDA:1,s21_comp_test_102_fn
FNDA:1,s21_comp_test_11_fn
FNDA:1,s21_comp_test_103_fn
FNDA:1,s21_comp_test_104_fn
FNDA:1,test_comp
FNDA:1,s21_comp_test_12_fn
FNDA:1,s21_comp_test_2_fn
FNDA:1,s21_comp_test_1_fn
FNDA:1,s21_comp_test_13_fn
FNDA:1,s21_comp_test_14_fn
FNDA:1,s21_comp_test_15_fn
FNDA:1,s21_comp_test_16_fn
FNDA:1,s21_comp_test_17_fn
FNDA:1,s21_comp_test_18_fn
FNDA:1,s21_comp_test_19_fn
FNDA:1,s21_comp_test_20_fn
FNDA:1,s21_comp_test_21_fn
FNDA:1,s21_comp_test_22_fn
FNDA:1,s21_comp_test_3_fn
FNDA:1,s21_comp_test_23_fn
FNDA:1,s21_comp_test_24_fn
FNDA:1,s21_comp_test_25_fn
FNDA:1,s21_comp_test_26_fn
FNDA:1,s21_comp_test_27_fn
FNDA:1,s21_comp_test_28_fn
FNDA:1,s21_comp_test_29_fn
FNDA:1,s21_comp_test_30_fn
FNDA:1,s21_comp_test_31_fn
FNDA:1,s21_comp_test_32_fn
FNDA:1,s21_comp_test_4_fn
FNDA:1,s21_comp_test_33_fn
FNDA:1,s21_comp_test_34_fn
FNDA:1,s21_comp_test_35_fn
FNDA:1,s21_comp_test_36_fn
FNDA:1,s21_comp_test_37_fn
FNDA:1,s21_comp_test_38_fn
FNDA:1,s21_comp_test_39_fn
FNF:105
FNH:105
DA:3,1
DA:6,1
DA:7,1
DA:8,1
DA:9,1
DA:10,1
DA:11,1
DA:12,1
DA:13,1
DA:14,1
DA:15,1
DA:16,1
DA:17,1
DA:18,1
DA:19,1
DA:20,1
DA:21,1
DA:22,1
DA:23,1
DA:24,1
DA:25,1
DA:26,1
DA:29,1
DA:32,1
DA:33,1
DA:34,1
DA:35,1
DA:36,1
DA:37,1
DA:38,1
DA:39,1
DA:40,1
DA:41,1
DA:42,1
DA:43,1
DA:44,1
DA:45,1
DA:46,1
DA:47,1
DA:48,1
DA:49,1
DA:50,1
DA:51,1
DA:52,1
DA:55,1
DA:58,1
DA:59,1
DA:60,1
DA:61,1
DA:62,1
DA:63,1
DA:64,1
DA:65,1
DA:66,1
DA:67,1
DA:68,1
DA:69,1
DA:70,1
DA:71,1
DA:72,1
DA:73,1
DA:74,1
DA:75,1
DA:76,1
DA:77,1
DA:78,1
DA:81,1
DA:84,1
DA:85,1
DA:86,1
DA:87,1
DA:88,1
DA:89,1
DA:90,1
DA:91,1
DA:92,1
DA:93,1
DA:94,1
DA:95,1
DA:96,1
DA:97,1
DA:98,1
DA:99,1
DA:100,1
DA:101,1
DA:102,1
DA:103,1
DA:104,1
DA:107,1
DA:110,1
DA:111,1
DA:112,1
DA:113,1
DA:114,1
DA:115,1
DA:116,1
DA:117,1
DA:118,1
DA:119,1
DA:120,1
DA:121,1
DA:122,1
DA:123,1
DA:124,1
DA:125,1
DA:126,1
DA:127,1
DA:128,1
DA:129,1
DA:130,1
DA:133,1
DA:136,1
DA:137,1
DA:138,1
DA:139,1
DA:140,1
DA:141,1
DA:142,1
DA:143,1
DA:144,1
DA:145,1
DA:146,1
DA:147,1
DA:148,1
DA:149,1
DA:150,1
DA:151,1
DA:152,1
DA:153,1
DA:154,1
DA:155,1
DA:156,1
DA:159,1
DA:162,1
DA:163,1
DA:164,1
DA:165,1
DA:166,1
DA:167,1
DA:168,1
DA:169,1
DA:170,1
DA:171,1
DA:172,1
DA:173,1
DA:174,1
DA:175,1
DA:176,1
DA:177,1
DA:178,1
DA:179,1
DA:180,1
DA:181,1
DA:182,1
DA:185,1
DA:188,1
DA:189,1
DA:190,1
DA:191,1
DA:192,1
DA:193,1
DA:194,1
DA:195,1
DA:196,1
DA:197,1
DA:198,1
DA:199,1
DA:200,1
DA:201,1
DA:202,1
DA:203,1
DA:204,1
DA:205,1
DA:206,1
DA:207,1
DA:208,1
DA:211,1
DA:214,1
DA:215,1
DA:216,1
DA:217,1
DA:218,1
DA:219,1
DA:220,1
DA:221,1
DA:222,1
DA:223,1
DA:224,1
DA:225,1
DA:226,1
DA:227,1
DA:228,1
DA:229,1
DA:230,1
DA:231,1
DA:232,1
DA:233,1
DA:234,1
DA:237,1
DA:240,1
DA:241,1
DA:242,1
DA:243,1
DA:244,1
DA:245,1
DA:246,1
DA:247,1
DA:248,1
DA:249,1
DA:250,1
DA:251,1
DA:252,1
DA:253,1
DA:254,1
DA:255,1
DA:256,1
DA:257,1
DA:258,1
DA:259,1
DA:260,1
DA:263,1
DA:266,1
DA:267,1
DA:268,1
DA:269,1
DA:270,1
DA:271,1
DA:272,1
DA:273,1
DA:274,1
DA:275,1
DA:276,1
DA:277,1
DA:278,1
DA:279,1
DA:280,1
DA:281,1
DA:282,1
DA:283,1
DA:284,1
DA:285,1
DA:286,1
DA:289,1
DA:292,1
DA:293,1
DA:294,1
DA:295,1
DA:296,1
DA:297,1
DA:298,1
DA:299,1
DA:300,1
DA:301,1
DA:302,1
DA:303,1
DA:304,1
DA:305,1
DA:306,1
DA:307,1
DA:308,1
DA:309,1
DA:310,1
DA:311,1
DA:312,1
DA:315,1
DA:318,1
DA:319,1
DA:320,1
DA:321,1
DA:322,1
DA:323,1
DA:324,1
DA:325,1
DA:326,1
DA:327,1
DA:328,1
DA:329,1
DA:330,1
DA:331,1
DA:332,1
DA:333,1
DA:334,1
DA:335,1
DA:336,1
DA:337,1
DA:338,1
DA:341,1
DA:344,1
DA:345,1
DA:346,1
DA:347,1
DA:348,1
DA:349,1
DA:350,1
DA:351,1
DA:352,1
DA:353,1
DA:354,1
DA:355,1
DA:356,1
DA:357,1
DA:358,1
DA:359,1
DA:360,1
DA:361,1
DA:362,1
DA:363,1
DA:364,1
DA:367,1
DA:370,1
DA:371,1
DA:372,1
DA:373,1
DA:374,1
DA:375,1
DA:376,1
DA:377,1
DA:378,1
DA:379,1
DA:380,1
DA:381,1
DA:382,1
DA:383,1
DA:384,1
DA:385,1
DA:386,1
DA:387,1
DA:388,1
DA:389,1
DA:390,1
DA:393,1
DA:396,1
DA:397,1
DA:398,1
DA:399,1
DA:400,1
DA:401,1
DA:402,1
DA:403,1
DA:404,1
DA:405,1
DA:406,1
DA:407,1
DA:408,1
DA:409,1
DA:410,1
DA:411,1
DA:412,1
DA:413,1
DA:414,1
DA:415,1
DA:416,1
DA:419,1
DA:422,1
DA:423,1
DA:424,1
DA:425,1
DA:426,1
DA:427,1
DA:428,1
DA:429,1
DA:430,1
DA:431,1
DA:432,1
DA:433,1
DA:434,1
DA:435,1
DA:436,1
DA:437,1
DA:438,1
DA:439,1
DA:440,1
DA:441,1
DA:442,1
DA:445,1
DA:448,1
DA:449,1
DA:450,1
DA:451,1
DA:452,1
DA:453,1
DA:454,1
DA:455,1
DA:456,1
DA:457,1
DA:458,1
DA:459,1
DA:460,1
DA:461,1
DA:462,1
DA:463,1
DA:464,1
DA:465,1
DA:466,1
DA:467,1
DA:468,1
DA:471,1
DA:474,1
DA:475,1
DA:476,1
DA:477,1
DA:478,1
DA:479,1
DA:480,1
DA:481,1
DA:482,1
DA:483,1
DA:484,1
DA:485,1
DA:486,1
DA:487,1
DA:488,1
DA:489,1
DA:490,1
DA:491,1
DA:492,1
DA:493,1
DA:494,1
DA:497,1
DA:500,1
DA:501,1
DA:502,1
DA:503,1
DA:504,1
DA:505,1
DA:506,1
DA:507,1
DA:508,1
DA:509,1
DA:510,1
DA:511,1
DA:512,1
DA:513,1
DA:514,1
DA:515,1
DA:516,1
DA:517,1
DA:518,1
DA:519,1
DA:520,1
DA:523,1
DA:526,1
DA:527,1
DA:528,1
DA:529,1
DA:530,1
DA:531,1
DA:532,1
DA:533,1
DA:534,1
DA:535,1
DA:536,1
DA:537,1
DA:538,1
DA:539,1
DA:540,1
DA:541,1
DA:542,1
DA:543,1
DA:544,1
DA:545,1
DA:546,1
DA:549,1
DA:552,1
DA:553,1
DA:554,1
DA:555,1
DA:556,1
DA:557,1
DA:558,1
DA:559,1
DA:560,1
DA:561,1
DA:562,1
DA:563,1
DA:564,1
DA:565,1
DA:566,1
DA:567,1
DA:568,1
DA:569,1
DA:570,1
DA:571,1
DA:572,1
DA:575,1
DA:578,1
DA:579,1
DA:580,1
DA:581,1
DA:582,1
DA:583,1
DA:584,1
DA:585,1
DA:586,1
DA:587,1
DA:588,1
DA:589,1
DA:590,1
DA:591,1
DA:592,1
DA:593,1
DA:594,1
DA:595,1
DA:596,1
DA:597,1
DA:598,1
DA:601,1
DA:604,1
DA:605,1
DA:606,1
DA:607,1
DA:608,1
DA:609,1
DA:610,1
DA:611,1
DA:612,1
DA:613,1
DA:614,1
DA:615,1
DA:616,1
DA:617,1
DA:618,1
DA:619,1
DA:620,1
DA:621,1
DA:622,1
DA:623,1
DA:624,1
DA:627,1
DA:630,1
DA:631,1
DA:632,1
DA:633,1
DA:634,1
DA:635,1
DA:636,1
DA:637,1
DA:638,1
DA:639,1
DA:640,1
DA:641,1
DA:642,1
DA:643,1
DA:644,1
DA:645,1
DA:646,1
DA:647,1
DA:648,1
DA:649,1
DA:650,1
DA:653,1
DA:656,1
DA:657,1
DA:658,1
DA:659,1
DA:660,1
DA:661,1
DA:662,1
DA:663,1
DA:664,1
DA:665,1
DA:666,1
DA:667,1
DA:668,1
DA:669,1
DA:670,1
DA:671,1
DA:672,1
DA:673,1
DA:674,1
DA:675,1
DA:676,1
DA:679,1
DA:682,1
DA:683,1
DA:684,1
DA:685,1
DA:686,1
DA:687,1
DA:688,1
DA:689,1
DA:690,1
DA:691,1
DA:692,1
DA:693,1
DA:694,1
DA:695,1
DA:696,1
DA:697,1
DA:698,1
DA:699,1
DA:700,1
DA:701,1
DA:702,1
DA:705,1
DA:708,1
DA:709,1
DA:710,1
DA:711,1
DA:712,1
DA:713,1
DA:714,1
DA:715,1
DA:716,1
DA:717,1
DA:718,1
DA:719,1
DA:720,1
DA:721,1
DA:722,1
DA:723,1
DA:724,1
DA:725,1
DA:726,1
DA:727,1
DA:728,1
DA:731,1
DA:734,1
DA:735,1
DA:736,1
DA:737,1
DA:738,1
DA:739,1
DA:740,1
DA:741,1
DA:742,1
DA:743,1
DA:744,1
DA:745,1
DA:746,1
DA:747,1
DA:748,1
DA:749,1
DA:750,1
DA:751,1
DA:752,1
DA:753,1
DA:754,1
DA:757,1
DA:760,1
DA:761,1
DA:762,1
DA:763,1
DA:764,1
DA:765,1
DA:766,1
DA:767,1
DA:768,1
DA:769,1
DA:770,1
DA:771,1
DA:772,1
DA:773,1
DA:774,1
DA:775,1
DA:776,1
DA:777,1
DA:778,1
DA:779,1
DA:780,1
DA:783,1
DA:786,1
DA:787,1
DA:788,1
DA:789,1
DA:790,1
DA:791,1
DA:792,1
DA:793,1
DA:794,1
DA:795,1
DA:796,1
DA:797,1
DA:798,1
DA:799,1
DA:800,1
DA:801,1
DA:802,1
DA:803,1
DA:804,1
DA:805,1
DA:806,1
DA:809,1
DA:812,1
DA:813,1
DA:814,1
DA:815,1
DA:816,1
DA:817,1
DA:818,1
DA:819,1
DA:820,1
DA:821,1
DA:822,1
DA:823,1
DA:824,1
DA:825,1
DA:826,1
DA:827,1
DA:828,1
DA:829,1
DA:830,1
DA:831,1
DA:832,1
DA:835,1
DA:838,1
DA:839,1
DA:840,1
DA:841,1
DA:842,1
DA:843,1
DA:844,1
DA:845,1
DA:846,1
DA:847,1
DA:848,1
DA:849,1
DA:850,1
DA:851,1
DA:852,1
DA:853,1
DA:854,1
DA:855,1
DA:856,1
DA:857,1
DA:858,1
DA:861,1
DA:864,1
DA:865,1
DA:866,1
DA:867,1
DA:868,1
DA:869,1
DA:870,1
DA:871,1
DA:872,1
DA:873,1
DA:874,1
DA:875,1
DA:876,1
DA:877,1
DA:878,1
DA:879,1
DA:880,1
DA:881,1
DA:882,1
DA:883,1
DA:884,1
DA:887,1
DA:890,1
DA:891,1
DA:892,1
DA:893,1
DA:894,1
DA:895,1
DA:896,1
DA:897,1
DA:898,1
DA:899,1
DA:900,1
DA:901,1
DA:902,1
DA:903,1
DA:904,1
DA:905,1
DA:906,1
DA:907,1
DA:908,1
DA:909,1
DA:910,1
DA:913,1
DA:916,1
DA:917,1
DA:918,1
DA:919,1
DA:920,1
DA:921,1
DA:922,1
DA:923,1
DA:924,1
DA:925,1
DA:926,1
DA:927,1
DA:928,1
DA:929,1
DA:930,1
DA:931,1
DA:932,1
DA:933,1
DA:934,1
DA:935,1
DA:936,1
DA:939,1
DA:942,1
DA:943,1
DA:944,1
DA:945,1
DA:946,1
DA:947,1
DA:948,1
DA:949,1
DA:950,1
DA:951,1
DA:952,1
DA:953,1
DA:954,1
DA:955,1
DA:956,1
DA:957,1
DA:958,1
DA:959,1
DA:960,1
DA:961,1
DA:962,1
DA:965,1
DA:968,1
DA:969,1
DA:970,1
DA:971,1
DA:972,1
DA:973,1
DA:974,1
DA:975,1
DA:976,1
DA:977,1
DA:978,1
DA:979,1
DA:980,1
DA:981,1
DA:982,1
DA:983,1
DA:984,1
DA:985,1
DA:986,1
DA:987,1
DA:988,1
DA:991,1
DA:994,1
DA:995,1
DA:996,1
DA:997,1
DA:998,1
DA:999,1
DA:1000,1
DA:1001,1
DA:1002,1
DA:1003,1
DA:1004,1
DA:1005,1
DA:1006,1
DA:1007,1
DA:1008,1
DA:1009,1
DA:1010,1
DA:1011,1
DA:1012,1
DA:1013,1
DA:1014,1
DA:1017,1
DA:1020,1
DA:1021,1
DA:1022,1
DA:1023,1
DA:1024,1
DA:1025,1
DA:1026,1
DA:1027,1
DA:1028,1
DA:1029,1
DA:1030,1
DA:1031,1
DA:1032,1
DA:1033,1
DA:1034,1
DA:1035,1
DA:1036,1
DA:1037,1
DA:1038,1
DA:1039,1
DA:1040,1
DA:1043,1
DA:1046,1
DA:1047,1
DA:1048,1
DA:1049,1
DA:1050,1
DA:1051,1
DA:1052,1
DA:1053,1
DA:1054,1
DA:1055,1
DA:1056,1
DA:1057,1
DA:1058,1
DA:1059,1
DA:1060,1
DA:1061,1
DA:1062,1
DA:1063,1
DA:1064,1
DA:1065,1
DA:1066,1
DA:1069,1
DA:1072,1
DA:1073,1
DA:1074,1
DA:1075,1
DA:1076,1
DA:1077,1
DA:1078,1
DA:1079,1
DA:1080,1
DA:1081,1
DA:1082,1
DA:1083,1
DA:1084,1
DA:1085,1
DA:1086,1
DA:1087,1
DA:1088,1
DA:1089,1
DA:1090,1
DA:1091,1
DA:1092,1
DA:1095,1
DA:1098,1
DA:1099,1
DA:1100,1
DA:1101,1
DA:1102,1
DA:1103,1
DA:1104,1
DA:1105,1
DA:1106,1
DA:1107,1
DA:1108,1
DA:1109,1
DA:1110,1
DA:1111,1
DA:1112,1
DA:1113,1
DA:1114,1
DA:1115,1
DA:1116,1
DA:1117,1
DA:1118,1
DA:1121,1
DA:1124,1
DA:1125,1
DA:1126,1
DA:1127,1
DA:1128,1
DA:1129,1
DA:1130,1
DA:1131,1
DA:1132,1
DA:1133,1
DA:1134,1
DA:1135,1
DA:1136,1
DA:1137,1
DA:1138,1
DA:1139,1
DA:1140,1
DA:1141,1
DA:1142,1
DA:1143,1
DA:1144,1
DA:1147,1
DA:1150,1
DA:1151,1
DA:1152,1
DA:1153,1
DA:1154,1
DA:1155,1
DA:1156,1
DA:1157,1
DA:1158,1
DA:1159,1
DA:1160,1
DA:1161,1
DA:1162,1
DA:1163,1
DA:1164,1
DA:1165,1
DA:1166,1
DA:1167,1
DA:1168,1
DA:1169,1
DA:1170,1
DA:1173,1
DA:1176,1
DA:1177,1
DA:1178,1
DA:1179,1
DA:1180,1
DA:1181,1
DA:1182,1
DA:1183,1
DA:1184,1
DA:1185,1
DA:1186,1
DA:1187,1
DA:1188,1
DA:1189,1
DA:1190,1
DA:1191,1
DA:1192,1
DA:1193,1
DA:1194,1
DA:1195,1
DA:1196,1
DA:1199,1
DA:1202,1
DA:1203,1
DA:1204,1
DA:1205,1
DA:1206,1
DA:1207,1
DA:1208,1
DA:1209,1
DA:1210,1
DA:1211,1
DA:1212,1
DA:1213,1
DA:1214,1
DA:1215,1
DA:1216,1
DA:1217,1
DA:1218,1
DA:1219,1
DA:1220,1
DA:1221,1
DA:1222,1
DA:1225,1
DA:1228,1
DA:1229,1
DA:1230,1
DA:1231,1
DA:1232,1
DA:1233,1
DA:1234,1
DA:1235,1
DA:1236,1
DA:1237,1
DA:1238,1
DA:1239,1
DA:1240,1
DA:1241,1
DA:1242,1
DA:1243,1
DA:1244,1
DA:1245,1
DA:1246,1
DA:1247,1
DA:1248,1
DA:1251,1
DA:1254,1
DA:1255,1
DA:1256,1
DA:1257,1
DA:1258,1
DA:1259,1
DA:1260,1
DA:1261,1
DA:1262,1
DA:1263,1
DA:1264,1
DA:1265,1
DA:1266,1
DA:1267,1
DA:1268,1
DA:1269,1
DA:1270,1
DA:1271,1
DA:1272,1
DA:1273,1
DA:1274,1
DA:1277,1
DA:1280,1
DA:1281,1
DA:1282,1
DA:1283,1
DA:1284,1
DA:1285,1
DA:1286,1
DA:1287,1
DA:1288,1
DA:1289,1
DA:1290,1
DA:1291,1
DA:1292,1
DA:1293,1
DA:1294,1
DA:1295,1
DA:1296,1
DA:1297,1
DA:1298,1
DA:1299,1
DA:1300,1
DA:1303,1
DA:1306,1
DA:1307,1
DA:1308,1
DA:1309,1
DA:1310,1
DA:1311,1
DA:1312,1
DA:1313,1
DA:1314,1
DA:1315,1
DA:1316,1
DA:1317,1
DA:1318,1
DA:1319,1
DA:1320,1
DA:1321,1
DA:1322,1
DA:1323,1
DA:1324,1
DA:1325,1
DA:1326,1
DA:1329,1
DA:1332,1
DA:1333,1
DA:1334,1
DA:1335,1
DA:1336,1
DA:1337,1
DA:1338,1
DA:1339,1
DA:1340,1
DA:1341,1
DA:1342,1
DA:1343,1
DA:1344,1
DA:1345,1
DA:1346,1
DA:1347,1
DA:1348,1
DA:1349,1
DA:1350,1
DA:1351,1
DA:1352,1
DA:1355,1
DA:1358,1
DA:1359,1
DA:1360,1
DA:1361,1
DA:1362,1
DA:1363,1
DA:1364,1
DA:1365,1
DA:1366,1
DA:1367,1
DA:1368,1
DA:1369,1
DA:1370,1
DA:1371,1
DA:1372,1
DA:1373,1
DA:1374,1
DA:1375,1
DA:1376,1
DA:1377,1
DA:1378,1
DA:1381,1
DA:1384,1
DA:1385,1
DA:1386,1
DA:1387,1
DA:1388,1
DA:1389,1
DA:1390,1
DA:1391,1
DA:1392,1
DA:1393,1
DA:1394,1
DA:1395,1
DA:1396,1
DA:1397,1
DA:1398,1
DA:1399,1
DA:1400,1
DA:1401,1
DA:1402,1
DA:1403,1
DA:1404,1
DA:1407,1
DA:1410,1
DA:1411,1
DA:1412,1
DA:1413,1
DA:1414,1
DA:1415,1
DA:1416,1
DA:1417,1
DA:1418,1
DA:1419,1
DA:1420,1
DA:1421,1
DA:1422,1
DA:1423,1
DA:1424,1
DA:1425,1
DA:1426,1
DA:1427,1
DA:1428,1
DA:1429,1
DA:1430,1
DA:1433,1
DA:1436,1
DA:1437,1
DA:1438,1
DA:1439,1
DA:1440,1
DA:1441,1
DA:1442,1
DA:1443,1
DA:1444,1
DA:1445,1
DA:1446,1
DA:1447,1
DA:1448,1
DA:1449,1
DA:1450,1
DA:1451,1
DA:1452,1
DA:1453,1
DA:1454,1
DA:1455,1
DA:1456,1
DA:1459,1
DA:1462,1
DA:1463,1
DA:1464,1
DA:1465,1
DA:1466,1
DA:1467,1
DA:1468,1
DA:1469,1
DA:1470,1
DA:1471,1
DA:1472,1
DA:1473,1
DA:1474,1
DA:1475,1
DA:1476,1
DA:1477,1
DA:1478,1
DA:1479,1
DA:1480,1
DA:1481,1
DA:1482,1
DA:1485,1
DA:1488,1
DA:1489,1
DA:1490,1
DA:1491,1
DA:1492,1
DA:1493,1
DA:1494,1
DA:1495,1
DA:1496,1
DA:1497,1
DA:1498,1
DA:1499,1
DA:1500,1
DA:1501,1
DA:1502,1
DA:1503,1
DA:1504,1
DA:1505,1
DA:1506,1
DA:1507,1
DA:1508,1
DA:1511,1
DA:1514,1
DA:1515,1
DA:1516,1
DA:1517,1
DA:1518,1
DA:1519,1
DA:1520,1
DA:1521,1
DA:1522,1
DA:1523,1
DA:1524,1
DA:1525,1
DA:1526,1
DA:1527,1
DA:1528,1
DA:1529,1
DA:1530,1
DA:1531,1
DA:1532,1
DA:1533,1
DA:1534,1
DA:1537,1
DA:1540,1
DA:1541,1
DA:1542,1
DA:1543,1
DA:1544,1
DA:1545,1
DA:1546,1
DA:1547,1
DA:1548,1
DA:1549,1
DA:1550,1
DA:1551,1
DA:1552,1
DA:1553,1
DA:1554,1
DA:1555,1
DA:1556,1
DA:1557,1
DA:1558,1
DA:1559,1
DA:1560,1
DA:1563,1
DA:1566,1
DA:1567,1
DA:1568,1
DA:1569,1
DA:1570,1
DA:1571,1
DA:1572,1
DA:1573,1
DA:1574,1
DA:1575,1
DA:1576,1
DA:1577,1
DA:1578,1
DA:1579,1
DA:1580,1
DA:1581,1
DA:1582,1
DA:1583,1
DA:1584,1
DA:1585,1
DA:1586,1
DA:1589,1
DA:1592,1
DA:1593,1
DA:1594,1
DA:1595,1
DA:1596,1
DA:1597,1
DA:1598,1
DA:1599,1
DA:1600,1
DA:1601,1
DA:1602,1
DA:1603,1
DA:1604,1
DA:1605,1
DA:1606,1
DA:1607,1
DA:1608,1
DA:1609,1
DA:1610,1
DA:1611,1
DA:1612,1
DA:1615,1
DA:1618,1
DA:1619,1
DA:1620,1
DA:1621,1
DA:1622,1
DA:1623,1
DA:1624,1
DA:1625,1
DA:1626,1
DA:1627,1
DA:1628,1
DA:1629,1
DA:1630,1
DA:1631,1
DA:1632,1
DA:1633,1
DA:1634,1
DA:1635,1
DA:1636,1
DA:1637,1
DA:1638,1
DA:1641,1
DA:1644,1
DA:1645,1
DA:1646,1
DA:1647,1
DA:1648,1
DA:1649,1
DA:1650,1
DA:1651,1
DA:1652,1
DA:1653,1
DA:1654,1
DA:1655,1
DA:1656,1
DA:1657,1
DA:1658,1
DA:1659,1
DA:1660,1
DA:1661,1
DA:1662,1
DA:1663,1
DA:1664,1
DA:1667,1
DA:1670,1
DA:1671,1
DA:1672,1
DA:1673,1
DA:1674,1
DA:1675,1
DA:1676,1
DA:1677,1
DA:1678,1
DA:1679,1
DA:1680,1
DA:1681,1
DA:1682,1
DA:1683,1
DA:1684,1
DA:1685,1
DA:1686,1
DA:1687,1
DA:1688,1
DA:1689,1
DA:1690,1
DA:1693,1
DA:1696,1
DA:1697,1
DA:1698,1
DA:1699,1
DA:1700,1
DA:1701,1
DA:1702,1
DA:1703,1
DA:1704,1
DA:1705,1
DA:1706,1
DA:1707,1
DA:1708,1
DA:1709,1
DA:1710,1
DA:1711,1
DA:1712,1
DA:1713,1
DA:1714,1
DA:1715,1
DA:1716,1
DA:1719,1
DA:1722,1
DA:1723,1
DA:1724,1
DA:1725,1
DA:1726,1
DA:1727,1
DA:1728,1
DA:1729,1
DA:1730,1
DA:1731,1
DA:1732,1
DA:1733,1
DA:1734,1
DA:1735,1
DA:1736,1
DA:1737,1
DA:1738,1
DA:1739,1
DA:1740,1
DA:1741,1
DA:1742,1
DA:1745,1
DA:1748,1
DA:1749,1
DA:1750,1
DA:1751,1
DA:1752,1
DA:1753,1
DA:1754,1
DA:1755,1
DA:1756,1
DA:1757,1
DA:1758,1
DA:1759,1
DA:1760,1
DA:1761,1
DA:1762,1
DA:1763,1
DA:1764,1
DA:1765,1
DA:1766,1
DA:1767,1
DA:1768,1
DA:1771,1
DA:1774,1
DA:1775,1
DA:1776,1
DA:1777,1
DA:1778,1
DA:1779,1
DA:1780,1
DA:1781,1
DA:1782,1
DA:1783,1
DA:1784,1
DA:1785,1
DA:1786,1
DA:1787,1
DA:1788,1
DA:1789,1
DA:1790,1
DA:1791,1
DA:1792,1
DA:1793,1
DA:1794,1
DA:1797,1
DA:1800,1
DA:1801,1
DA:1802,1
DA:1803,1
DA:1804,1
DA:1805,1
DA:1806,1
DA:1807,1
DA:1808,1
DA:1809,1
DA:1810,1
DA:1811,1
DA:1812,1
DA:1813,1
DA:1814,1
DA:1815,1
DA:1816,1
DA:1817,1
DA:1818,1
DA:1819,1
DA:1820,1
DA:1823,1
DA:1826,1
DA:1827,1
DA:1828,1
DA:1829,1
DA:1830,1
DA:1831,1
DA:1832,1
DA:1833,1
DA:1834,1
DA:1835,1
DA:1836,1
DA:1837,1
DA:1838,1
DA:1839,1
DA:1840,1
DA:1841,1
DA:1842,1
DA:1843,1
DA:1844,1
DA:1845,1
DA:1846,1
DA:1849,1
DA:1852,1
DA:1853,1
DA:1854,1
DA:1855,1
DA:1856,1
DA:1857,1
DA:1858,1
DA:1859,1
DA:1860,1
DA:1861,1
DA:1862,1
DA:1863,1
DA:1864,1
DA:1865,1
DA:1866,1
DA:1867,1
DA:1868,1
DA:1869,1
DA:1870,1
DA:1871,1
DA:1872,1
DA:1875,1
DA:1878,1
DA:1879,1
DA:1880,1
DA:1881,1
DA:1882,1
DA:1883,1
DA:1884,1
DA:1885,1
DA:1886,1
DA:1887,1
DA:1888,1
DA:1889,1
DA:1890,1
DA:1891,1
DA:1892,1
DA:1893,1
DA:1894,1
DA:1895,1
DA:1896,1
DA:1897,1
DA:1898,1
DA:1901,1
DA:1904,1
DA:1905,1
DA:1906,1
DA:1907,1
DA:1908,1
DA:1909,1
DA:1910,1
DA:1911,1
DA:1912,1
DA:1913,1
DA:1914,1
DA:1915,1
DA:1916,1
DA:1917,1
DA:1918,1
DA:1919,1
DA:1920,1
DA:1921,1
DA:1922,1
DA:1923,1
DA:1924,1
DA:1927,1
DA:1930,1
DA:1931,1
DA:1932,1
DA:1933,1
DA:1934,1
DA:1935,1
DA:1936,1
DA:1937,1
DA:1938,1
DA:1939,1
DA:1940,1
DA:1941,1
DA:1942,1
DA:1943,1
DA:1944,1
DA:1945,1
DA:1946,1
DA:1947,1
DA:1948,1
DA:1949,1
DA:1950,1
DA:1953,1
DA:1956,1
DA:1957,1
DA:1958,1
DA:1959,1
DA:1960,1
DA:1961,1
DA:1962,1
DA:1963,1
DA:1964,1
DA:1965,1
DA:1966,1
DA:1967,1
DA:1968,1
DA:1969,1
DA:1970,1
DA:1971,1
DA:1972,1
DA:1973,1
DA:1974,1
DA:1975,1
DA:1976,1
DA:1979,1
DA:1982,1
DA:1983,1
DA:1984,1
DA:1985,1
DA:1986,1
DA:1987,1
DA:1988,1
DA:1989,1
DA:1990,1
DA:1991,1
DA:1992,1
DA:1993,1
DA:1994,1
DA:1995,1
DA:1996,1
DA:1997,1
DA:1998,1
DA:1999,1
DA:2000,1
DA:2001,1
DA:2002,1
DA:2005,1
DA:2008,1
DA:2009,1
DA:2010,1
DA:2011,1
DA:2012,1
DA:2013,1
DA:2014,1
DA:2015,1
DA:2016,1
DA:2017,1
DA:2018,1
DA:2019,1
DA:2020,1
DA:2021,1
DA:2022,1
DA:2023,1
DA:2024,1
DA:2025,1
DA:2026,1
DA:2027,1
DA:2028,1
DA:2031,1
DA:2034,1
DA:2035,1
DA:2036,1
DA:2037,1
DA:2038,1
DA:2039,1
DA:2040,1
DA:2041,1
DA:2042,1
DA:2043,1
DA:2044,1
DA:2045,1
DA:2046,1
DA:2047,1
DA:2048,1
DA:2049,1
DA:2050,1
DA:2051,1
DA:2052,1
DA:2053,1
DA:2054,1
DA:2057,1
DA:2060,1
DA:2061,1
DA:2062,1
DA:2063,1
DA:2064,1
DA:2065,1
DA:2066,1
DA:2067,1
DA:2068,1
DA:2069,1
DA:2070,1
DA:2071,1
DA:2072,1
DA:2073,1
DA:2074,1
DA:2075,1
DA:2076,1
DA:2077,1
DA:2078,1
DA:2079,1
DA:2080,1
DA:2083,1
DA:2086,1
DA:2087,1
DA:2088,1
DA:2089,1
DA:2090,1
DA:2091,1
DA:2092,1
DA:2093,1
DA:2094,1
DA:2095,1
DA:2096,1
DA:2097,1
DA:2098,1
DA:2099,1
DA:2100,1
DA:2101,1
DA:2102,1
DA:2103,1
DA:2104,1
DA:2105,1
DA:2106,1
DA:2109,1
DA:2112,1
DA:2113,1
DA:2114,1
DA:2115,1
DA:2116,1
DA:2117,1
DA:2118,1
DA:2119,1
DA:2120,1
DA:2121,1
DA:2122,1
DA:2123,1
DA:2124,1
DA:2125,1
DA:2126,1
DA:2127,1
DA:2128,1
DA:2129,1
DA:2130,1
DA:2131,1
DA:2132,1
DA:2135,1
DA:2138,1
DA:2139,1
DA:2140,1
DA:2141,1
DA:2142,1
DA:2143,1
DA:2144,1
DA:2145,1
DA:2146,1
DA:2147,1
DA:2148,1
DA:2149,1
DA:2150,1
DA:2151,1
DA:2152,1
DA:2153,1
DA:2154,1
DA:2155,1
DA:2156,1
DA:2157,1
DA:2158,1
DA:2161,1
DA:2164,1
DA:2165,1
DA:2166,1
DA:2167,1
DA:2168,1
DA:2169,1
DA:2170,1
DA:2171,1
DA:2172,1
DA:2173,1
DA:2174,1
DA:2175,1
DA:2176,1
DA:2177,1
DA:2178,1
DA:2179,1
DA:2180,1
DA:2181,1
DA:2182,1
DA:2183,1
DA:2184,1
DA:2187,1
DA:2190,1
DA:2191,1
DA:2192,1
DA:2193,1
DA:2194,1
DA:2195,1
DA:2196,1
DA:2197,1
DA:2198,1
DA:2199,1
DA:2200,1
DA:2201,1
DA:2202,1
DA:2203,1
DA:2204,1
DA:2205,1
DA:2206,1
DA:2207,1
DA:2208,1
DA:2209,1
DA:2210,1
DA:2213,1
DA:2216,1
DA:2217,1
DA:2218,1
DA:2219,1
DA:2220,1
DA:2221,1
DA:2222,1
DA:2223,1
DA:2224,1
DA:2225,1
DA:2226,1
DA:2227,1
DA:2228,1
DA:2229,1
DA:2230,1
DA:2231,1
DA:2232,1
DA:2233,1
DA:2234,1
DA:2235,1
DA:2236,1
DA:2239,1
DA:2242,1
DA:2243,1
DA:2244,1
DA:2245,1
DA:2246,1
DA:2247,1
DA:2248,1
DA:2249,1
DA:2250,1
DA:2251,1
DA:2252,1
DA:2253,1
DA:2254,1
DA:2255,1
DA:2256,1
DA:2257,1
DA:2258,1
DA:2259,1
DA:2260,1
DA:2261,1
DA:2262,1
DA:2265,1
DA:2268,1
DA:2269,1
DA:2270,1
DA:2271,1
DA:2272,1
DA:2273,1
DA:2274,1
DA:2275,1
DA:2276,1
DA:2277,1
DA:2278,1
DA:2279,1
DA:2280,1
DA:2281,1
DA:2282,1
DA:2283,1
DA:2284,1
DA:2285,1
DA:2286,1
DA:2287,1
DA:2288,1
DA:2291,1
DA:2294,1
DA:2295,1
DA:2296,1
DA:2297,1
DA:2298,1
DA:2299,1
DA:2300,1
DA:2301,1
DA:2302,1
DA:2303,1
DA:2304,1
DA:2305,1
DA:2306,1
DA:2307,1
DA:2308,1
DA:2309,1
DA:2310,1
DA:2311,1
DA:2312,1
DA:2313,1
DA:2314,1
DA:2317,1
DA:2320,1
DA:2321,1
DA:2322,1
DA:2323,1
DA:2324,1
DA:2325,1
DA:2326,1
DA:2327,1
DA:2328,1
DA:2329,1
DA:2330,1
DA:2331,1
DA:2332,1
DA:2333,1
DA:2334,1
DA:2335,1
DA:2336,1
DA:2337,1
DA:2338,1
DA:2339,1
DA:2340,1
DA:2343,1
DA:2346,1
DA:2347,1
DA:2348,1
DA:2349,1
DA:2350,1
DA:2351,1
DA:2352,1
DA:2353,1
DA:2354,1
DA:2355,1
DA:2356,1
DA:2357,1
DA:2358,1
DA:2359,1
DA:2360,1
DA:2361,1
DA:2362,1
DA:2363,1
DA:2364,1
DA:2365,1
DA:2366,1
DA:2369,1
DA:2372,1
DA:2373,1
DA:2374,1
DA:2375,1
DA:2376,1
DA:2377,1
DA:2378,1
DA:2379,1
DA:2380,1
DA:2381,1
DA:2382,1
DA:2383,1
DA:2384,1
DA:2385,1
DA:2386,1
DA:2387,1
DA:2388,1
DA:2389,1
DA:2390,1
DA:2391,1
DA:2392,1
DA:2395,1
DA:2398,1
DA:2399,1
DA:2400,1
DA:2401,1
DA:2402,1
DA:2403,1
DA:2404,1
DA:2405,1
DA:2406,1
DA:2407,1
DA:2408,1
DA:2409,1
DA:2410,1
DA:2411,1
DA:2412,1
DA:2413,1
DA:2414,1
DA:2415,1
DA:2416,1
DA:2417,1
DA:2418,1
DA:2421,1
DA:2424,1
DA:2425,1
DA:2426,1
DA:2427,1
DA:2428,1
DA:2429,1
DA:2430,1
DA:2431,1
DA:2432,1
DA:2433,1
DA:2434,1
DA:2435,1
DA:2436,1
DA:2437,1
DA:2438,1
DA:2439,1
DA:2440,1
DA:2441,1
DA:2442,1
DA:2443,1
DA:2444,1
DA:2447,1
DA:2450,1
DA:2451,1
DA:2452,1
DA:2453,1
DA:2454,1
DA:2455,1
DA:2456,1
DA:2457,1
DA:2458,1
DA:2459,1
DA:2460,1
DA:2461,1
DA:2462,1
DA:2463,1
DA:2464,1
DA:2465,1
DA:2466,1
DA:2467,1
DA:2468,1
DA:2469,1
DA:2470,1
DA:2473,1
DA:2476,1
DA:2477,1
DA:2478,1
DA:2479,1
DA:2480,1
DA:2481,1
DA:2482,1
DA:2483,1
DA:2484,1
DA:2485,1
DA:2486,1
DA:2487,1
DA:2488,1
DA:2489,1
DA:2490,1
DA:2491,1
DA:2492,1
DA:2493,1
DA:2494,1
DA:2495,1
DA:2496,1
DA:2499,1
DA:2502,1
DA:2503,1
DA:2504,1
DA:2505,1
DA:2506,1
DA:2507,1
DA:2508,1
DA:2509,1
DA:2510,1
DA:2511,1
DA:2512,1
DA:2513,1
DA:2514,1
DA:2515,1
DA:2516,1
DA:2517,1
DA:2518,1
DA:2519,1
DA:2520,1
DA:2521,1
DA:2522,1
DA:2525,1
DA:2528,1
DA:2529,1
DA:2530,1
DA:2531,1
DA:2532,1
DA:2533,1
DA:2534,1
DA:2535,1
DA:2536,1
DA:2537,1
DA:2538,1
DA:2539,1
DA:2540,1
DA:2541,1
DA:2542,1
DA:2543,1
DA:2544,1
DA:2545,1
DA:2546,1
DA:2547,1
DA:2548,1
DA:2551,1
DA:2554,1
DA:2555,1
DA:2556,1
DA:2557,1
DA:2558,1
DA:2559,1
DA:2560,1
DA:2561,1
DA:2562,1
DA:2563,1
DA:2564,1
DA:2565,1
DA:2566,1
DA:2567,1
DA:2568,1
DA:2569,1
DA:2570,1
DA:2571,1
DA:2572,1
DA:2573,1
DA:2574,1
DA:2577,1
DA:2580,1
DA:2581,1
DA:2582,1
DA:2583,1
DA:2584,1
DA:2585,1
DA:2586,1
DA:2587,1
DA:2588,1
DA:2589,1
DA:2590,1
DA:2591,1
DA:2592,1
DA:2593,1
DA:2594,1
DA:2595,1
DA:2596,1
DA:2597,1
DA:2598,1
DA:2599,1
DA:2600,1
DA:2603,1
DA:2606,1
DA:2607,1
DA:2608,1
DA:2609,1
DA:2610,1
DA:2611,1
DA:2612,1
DA:2613,1
DA:2614,1
DA:2615,1
DA:2616,1
DA:2617,1
DA:2618,1
DA:2619,1
DA:2620,1
DA:2621,1
DA:2622,1
DA:2623,1
DA:2624,1
DA:2625,1
DA:2626,1
DA:2629,1
DA:2632,1
DA:2633,1
DA:2634,1
DA:2635,1
DA:2636,1
DA:2637,1
DA:2638,1
DA:2639,1
DA:2640,1
DA:2641,1
DA:2642,1
DA:2643,1
DA:2644,1
DA:2645,1
DA:2646,1
DA:2647,1
DA:2648,1
DA:2649,1
DA:2650,1
DA:2651,1
DA:2652,1
DA:2655,1
DA:2658,1
DA:2659,1
DA:2660,1
DA:2661,1
DA:2662,1
DA:2663,1
DA:2664,1
DA:2665,1
DA:2666,1
DA:2667,1
DA:2668,1
DA:2669,1
DA:2670,1
DA:2671,1
DA:2672,1
DA:2673,1
DA:2674,1
DA:2675,1
DA:2676,1
DA:2677,1
DA:2678,1
DA:2681,1
DA:2684,1
DA:2685,1
DA:2686,1
DA:2687,1
DA:2688,1
DA:2689,1
DA:2690,1
DA:2691,1
DA:2692,1
DA:2693,1
DA:2694,1
DA:2695,1
DA:2696,1
DA:2697,1
DA:2698,1
DA:2699,1
DA:2700,1
DA:2701,1
DA:2702,1
DA:2703,1
DA:2704,1
DA:2707,1
DA:2708,1
DA:2709,1
DA:2710,1
DA:2711,1
DA:2712,1
DA:2713,1
DA:2714,1
DA:2715,1
DA:2716,1
DA:2717,1
DA:2718,1
DA:2719,1
DA:2720,1
DA:2721,1
DA:2722,1
DA:2723,1
DA:2724,1
DA:2725,1
DA:2726,1
DA:2727,1
DA:2728,1
DA:2729,1
DA:2730,1
DA:2731,1
DA:2732,1
DA:2733,1
DA:2734,1
DA:2735,1
DA:2736,1
DA:2737,1
DA:2738,1
DA:2739,1
DA:2740,1
DA:2741,1
DA:2742,1
DA:2743,1
DA:2744,1
DA:2745,1
DA:2746,1
DA:2747,1
DA:2748,1
DA:2749,1
DA:2750,1
DA:2751,1
DA:2752,1
DA:2753,1
DA:2754,1
DA:2755,1
DA:2756,1
DA:2757,1
DA:2758,1
DA:2759,1
DA:2760,1
DA:2761,1
DA:2762,1
DA:2763,1
DA:2764,1
DA:2765,1
DA:2766,1
DA:2767,1
DA:2768,1
DA:2769,1
DA:2770,1
DA:2771,1
DA:2772,1
DA:2773,1
DA:2774,1
DA:2775,1
DA:2776,1
DA:2777,1
DA:2778,1
DA:2779,1
DA:2780,1
DA:2781,1
DA:2782,1
DA:2783,1
DA:2784,1
DA:2785,1
DA:2786,1
DA:2787,1
DA:2788,1
DA:2789,1
DA:2790,1
DA:2791,1
DA:2792,1
DA:2793,1
DA:2794,1
DA:2795,1
DA:2796,1
DA:2797,1
DA:2798,1
DA:2799,1
DA:2800,1
DA:2801,1
DA:2802,1
DA:2803,1
DA:2804,1
DA:2805,1
DA:2806,1
DA:2807,1
DA:2808,1
DA:2809,1
DA:2810,1
DA:2811,1
DA:2812,1
DA:2813,1
DA:2815,1
DA:2817,1
LF:2397
LH:2397
end_of_record
TN:s21_decimal
SF:/Users/sukhanovalexey/Desktop/TEMP_DECIMAL/C-Decimal/tests/test_floor.c
FN:1011,1020,s21_floor_test_85_fn
FN:1023,1032,s21_floor_test_86_fn
FN:1035,1044,s21_floor_test_87_fn
FN:1047,1056,s21_floor_test_88_fn
FN:1059,1068,s21_floor_test_89_fn
FN:1071,1080,s21_floor_test_90_fn
FN:1083,1092,s21_floor_test_91_fn
FN:1095,1104,s21_floor_test_92_fn
FN:1107,1116,s21_floor_test_93_fn
FN:111,120,s21_floor_test_10_fn
FN:1119,1128,s21_floor_test_94_fn
FN:1131,1140,s21_floor_test_95_fn
FN:1143,1152,s21_floor_test_96_fn
FN:1155,1164,s21_floor_test_97_fn
FN:1167,1176,s21_floor_test_98_fn
FN:1179,1188,s21_floor_test_99_fn
FN:1191,1200,s21_floor_test_100_fn
FN:1203,1212,s21_floor_test_101_fn
FN:1215,1224,s21_floor_test_102_fn
FN:1227,1334,suite_floor
FN:123,132,s21_floor_test_11_fn
FN:135,144,s21_floor_test_12_fn
FN:147,156,s21_floor_test_13_fn
FN:15,24,s21_floor_test_2_fn
FN:159,168,s21_floor_test_14_fn
FN:171,180,s21_floor_test_15_fn
FN:183,192,s21_floor_test_16_fn
FN:195,204,s21_floor_test_17_fn
FN:207,216,s21_floor_test_18_fn
FN:219,228,s21_floor_test_19_fn
FN:231,240,s21_floor_test_20_fn
FN:243,252,s21_floor_test_21_fn
FN:255,264,s21_floor_test_22_fn
FN:267,276,s21_floor_test_23_fn
FN:27,36,s21_floor_test_3_fn
FN:279,288,s21_floor_test_24_fn
FN:291,300,s21_floor_test_25_fn
FN:3,12,s21_floor_test_1_fn
FN:303,312,s21_floor_test_26_fn
FN:315,324,s21_floor_test_27_fn
FN:327,336,s21_floor_test_28_fn
FN:339,348,s21_floor_test_29_fn
FN:351,360,s21_floor_test_30_fn
FN:363,372,s21_floor_test_31_fn
FN:375,384,s21_floor_test_32_fn
FN:387,396,s21_floor_test_33_fn
FN:39,48,s21_floor_test_4_fn
FN:399,408,s21_floor_test_34_fn
FN:411,420,s21_floor_test_35_fn
FN:423,432,s21_floor_test_36_fn
FN:435,444,s21_floor_test_37_fn
FN:447,456,s21_floor_test_38_fn
FN:459,468,s21_floor_test_39_fn
FN:471,480,s21_floor_test_40_fn
FN:483,492,s21_floor_test_41_fn
FN:495,504,s21_floor_test_42_fn
FN:507,516,s21_floor_test_43_fn
FN:51,60,s21_floor_test_5_fn
FN:519,528,s21_floor_test_44_fn
FN:531,540,s21_floor_test_45_fn
FN:543,552,s21_floor_test_46_fn
FN:555,564,s21_floor_test_47_fn
FN:567,576,s21_floor_test_48_fn
FN:579,588,s21_floor_test_49_fn
FN:591,600,s21_floor_test_50_fn
FN:603,612,s21_floor_test_51_fn
FN:615,624,s21_floor_test_52_fn
FN:627,636,s21_floor_test_53_fn
FN:63,72,s21_floor_test_6_fn
FN:639,648,s21_floor_test_54_fn
FN:651,660,s21_floor_test_55_fn
FN:663,672,s21_floor_test_56_fn
FN:675,684,s21_floor_test_57_fn
FN:687,696,s21_floor_test_58_fn
FN:699,708,s21_floor_test_59_fn
FN:711,720,s21_floor_test_60_fn
FN:723,732,s21_floor_test_61_fn
FN:735,744,s21_floor_test_62_fn
FN:747,756,s21_floor_test_63_fn
FN:75,84,s21_floor_test_7_fn
FN:759,768,s21_floor_test_64_fn
FN:771,780,s21_floor_test_65_fn
FN:783,792,s21_floor_test_66_fn
FN:795,804,s21_floor_test_67_fn
FN:807,816,s21_floor_test_68_fn
FN:819,828,s21_floor_test_69_fn
FN:831,840,s21_floor_test_70_fn
FN:843,852,s21_floor_test_71_fn
FN:855,864,s21_floor_test_72_fn
FN:867,876,s21_floor_test_73_fn
FN:87,96,s21_floor_test_8_fn
FN:879,888,s21_floor_test_74_fn
FN:891,900,s21_floor_test_75_fn
FN:903,912,s21_floor_test_76_fn
FN:915,924,s21_floor_test_77_fn
FN:927,936,s21_floor_test_78_fn
FN:939,948,s21_floor_test_79_fn
FN:951,960,s21_floor_test_80_fn
FN:963,972,s21_floor_test_81_fn
FN:975,984,s21_floor_test_82_fn
FN:987,996,s21_floor_test_83_fn
FN:99,108,s21_floor_test_9_fn
FN:999,1008,s21_floor_test_84_fn
FNDA:1,s21_floor_test_85_fn
FNDA:1,s21_floor_test_86_fn
FNDA:1,s21_floor_test_87_fn
FNDA:1,s21_floor_test_88_fn
FNDA:1,s21_floor_test_89_fn
FNDA:1,s21_floor_test_90_fn
FNDA:1,s21_floor_test_91_fn
FNDA:1,s21_floor_test_92_fn
FNDA:1,s21_floor_test_93_fn
FNDA:1,s21_floor_test_10_fn
FNDA:1,s21_floor_test_94_fn
FNDA:1,s21_floor_test_95_fn
FNDA:1,s21_floor_test_96_fn
FNDA:1,s21_floor_test_97_fn
FNDA:1,s21_floor_test_98_fn
FNDA:1,s21_floor_test_99_fn
FNDA:1,s21_floor_test_100_fn
FNDA:1,s21_floor_test_101_fn
FNDA:1,s21_floor_test_102_fn
FNDA:1,suite_floor
FNDA:1,s21_floor_test_11_fn
FNDA:1,s21_floor_test_12_fn
FNDA:1,s21_floor_test_13_fn
FNDA:1,s21_floor_test_2_fn
FNDA:1,s21_floor_test_14_fn
FNDA:1,s21_floor_test_15_fn
FNDA:1,s21_floor_test_16_fn
FNDA:1,s21_floor_test_17_fn
FNDA:1,s21_floor_test_18_fn
FNDA:1,s21_floor_test_19_fn
FNDA:1,s21_floor_test_20_fn
FNDA:1,s21_floor_test_21_fn
FNDA:1,s21_floor_test_22_fn
FNDA:1,s21_floor_test_23_fn
FNDA:1,s21_floor_test_3_fn
FNDA:1,s21_floor_test_24_fn
FNDA:1,s21_floor_test_25_fn
FNDA:1,s21_floor_test_1_fn
FNDA:1,s21_floor_test_26_fn
FNDA:1,s21_floor_test_27_fn
FNDA:1,s21_floor_test_28_fn
FNDA:1,s21_floor_test_29_fn
FNDA:1,s21_floor_test_30_fn
FNDA:1,s21_floor_test_31_fn
FNDA:1,s21_floor_test_32_fn
FNDA:1,s21_floor_test_33_fn
FNDA:1,s21_floor_test_4_fn
FNDA:1,s21_floor_test_34_fn
FNDA:1,s21_floor_test_35_fn
FNDA:1,s21_floor_test_36_fn
FNDA:1,s21_floor_test_37_fn
FNDA:1,s21_floor_test_38_fn
FNDA:1,s21_floor_test_39_fn
FNDA:1,s21_floor_test_40_fn
FNDA:1,s21_floor_test_41_fn
FNDA:1,s21_floor_test_42_fn
FNDA:1,s21_floor_test_43_fn
FNDA:1,s21_floor_test_5_fn
FNDA:1,s21_floor_test_44_fn
FNDA:1,s21_floor_test_45_fn
FNDA:1,s21_floor_test_46_fn
FNDA:1,s21_floor_test_47_fn
FNDA:1,s21_floor_test_48_fn
FNDA:1,s21_floor_test_49_fn
FNDA:1,s21_floor_test_50_fn
FNDA:1,s21_floor_test_51_fn
FNDA:1,s21_floor_test_52_fn
FNDA:1,s21_floor_test_53_fn
FNDA:1,s21_floor_test_6_fn
FNDA:1,s21_floor_test_54_fn
FNDA:1,s21_floor_test_55_fn
FNDA:1,s21_floor_test_56_fn
FNDA:1,s21_floor_test_57_fn
FNDA:1,s21_floor_test_58_fn
FNDA:1,s21_floor_test_59_fn
FNDA:1,s21_floor_test_60_fn
FNDA:1,s21_floor_test_61_fn
FNDA:1,s21_floor_test_62_fn
FNDA:1,s21_floor_test_63_fn
FNDA:1,s21_floor_test_7_fn
FNDA:1,s21_floor_test_64_fn
FNDA:1,s21_floor_test_65_fn
FNDA:1,s21_floor_test_66_fn
FNDA:1,s21_floor_test_67_fn
FNDA:1,s21_floor_test_68_fn
FNDA:1,s21_floor_test_69_fn
FNDA:1,s21_floor_test_70_fn
FNDA:1,s21_floor_test_71_fn
FNDA:1,s21_floor_test_72_fn
FNDA:1,s21_floor_test_73_fn
FNDA:1,s21_floor_test_8_fn
FNDA:1,s21_floor_test_74_fn
FNDA:1,s21_floor_test_75_fn
FNDA:1,s21_floor_test_76_fn
FNDA:1,s21_floor_test_77_fn
FNDA:1,s21_floor_test_78_fn
FNDA:1,s21_floor_test_79_fn
FNDA:1,s21_floor_test_80_fn
FNDA:1,s21_floor_test_81_fn
FNDA:1,s21_floor_test_82_fn
FNDA:1,s21_floor_test_83_fn
FNDA:1,s21_floor_test_9_fn
FNDA:1,s21_floor_test_84_fn
FNF:103
FNH:103
DA:3,1
DA:5,1
DA:6,1
DA:7,1
DA:8,1
DA:10,1
DA:11,1
DA:12,1
DA:15,1
DA:17,1
DA:18,1
DA:19,1
DA:20,1
DA:22,1
DA:23,1
DA:24,1
DA:27,1
DA:29,1
DA:30,1
DA:31,1
DA:32,1
DA:34,1
DA:35,1
DA:36,1
DA:39,1
DA:41,1
DA:42,1
DA:43,1
DA:44,1
DA:46,1
DA:47,1
DA:48,1
DA:51,1
DA:53,1
DA:54,1
DA:55,1
DA:56,1
DA:58,1
DA:59,1
DA:60,1
DA:63,1
DA:65,1
DA:66,1
DA:67,1
DA:68,1
DA:70,1
DA:71,1
DA:72,1
DA:75,1
DA:77,1
DA:78,1
DA:79,1
DA:80,1
DA:82,1
DA:83,1
DA:84,1
DA:87,1
DA:89,1
DA:90,1
DA:91,1
DA:92,1
DA:94,1
DA:95,1
DA:96,1
DA:99,1
DA:101,1
DA:102,1
DA:103,1
DA:104,1
DA:106,1
DA:107,1
DA:108,1
DA:111,1
DA:113,1
DA:114,1
DA:115,1
DA:116,1
DA:118,1
DA:119,1
DA:120,1
DA:123,1
DA:125,1
DA:126,1
DA:127,1
DA:128,1
DA:130,1
DA:131,1
DA:132,1
DA:135,1
DA:137,1
DA:138,1
DA:139,1
DA:140,1
DA:142,1
DA:143,1
DA:144,1
DA:147,1
DA:149,1
DA:150,1
DA:151,1
DA:152,1
DA:154,1
DA:155,1
DA:156,1
DA:159,1
DA:161,1
DA:162,1
DA:163,1
DA:164,1
DA:166,1
DA:167,1
DA:168,1
DA:171,1
DA:173,1
DA:174,1
DA:175,1
DA:176,1
DA:178,1
DA:179,1
DA:180,1
DA:183,1
DA:185,1
DA:186,1
DA:187,1
DA:188,1
DA:190,1
DA:191,1
DA:192,1
DA:195,1
DA:197,1
DA:198,1
DA:199,1
DA:200,1
DA:202,1
DA:203,1
DA:204,1
DA:207,1
DA:209,1
DA:210,1
DA:211,1
DA:212,1
DA:214,1
DA:215,1
DA:216,1
DA:219,1
DA:221,1
DA:222,1
DA:223,1
DA:224,1
DA:226,1
DA:227,1
DA:228,1
DA:231,1
DA:233,1
DA:234,1
DA:235,1
DA:236,1
DA:238,1
DA:239,1
DA:240,1
DA:243,1
DA:245,1
DA:246,1
DA:247,1
DA:248,1
DA:250,1
DA:251,1
DA:252,1
DA:255,1
DA:257,1
DA:258,1
DA:259,1
DA:260,1
DA:262,1
DA:263,1
DA:264,1
DA:267,1
DA:269,1
DA:270,1
DA:271,1
DA:272,1
DA:274,1
DA:275,1
DA:276,1
DA:279,1
DA:281,1
DA:282,1
DA:283,1
DA:284,1
DA:286,1
DA:287,1
DA:288,1
DA:291,1
DA:293,1
DA:294,1
DA:295,1
DA:296,1
DA:298,1
DA:299,1
DA:300,1
DA:303,1
DA:305,1
DA:306,1
DA:307,1
DA:308,1
DA:310,1
DA:311,1
DA:312,1
DA:315,1
DA:317,1
DA:318,1
DA:319,1
DA:320,1
DA:322,1
DA:323,1
DA:324,1
DA:327,1
DA:329,1
DA:330,1
DA:331,1
DA:332,1
DA:334,1
DA:335,1
DA:336,1
DA:339,1
DA:341,1
DA:342,1
DA:343,1
DA:344,1
DA:346,1
DA:347,1
DA:348,1
DA:351,1
DA:353,1
DA:354,1
DA:355,1
DA:356,1
DA:358,1
DA:359,1
DA:360,1
DA:363,1
DA:365,1
DA:366,1
DA:367,1
DA:368,1
DA:370,1
DA:371,1
DA:372,1
DA:375,1
DA:377,1
DA:378,1
DA:379,1
DA:380,1
DA:382,1
DA:383,1
DA:384,1
DA:387,1
DA:389,1
DA:390,1
DA:391,1
DA:392,1
DA:394,1
DA:395,1
DA:396,1
DA:399,1
DA:401,1
DA:402,1
DA:403,1
DA:404,1
DA:406,1
DA:407,1
DA:408,1
DA:411,1
DA:413,1
DA:414,1
DA:415,1
DA:416,1
DA:418,1
DA:419,1
DA:420,1
DA:423,1
DA:425,1
DA:426,1
DA:427,1
DA:428,1
DA:430,1
DA:431,1
DA:432,1
DA:435,1
DA:437,1
DA:438,1
DA:439,1
DA:440,1
DA:442,1
DA:443,1
DA:444,1
DA:447,1
DA:449,1
DA:450,1
DA:451,1
DA:452,1
DA:454,1
DA:455,1
DA:456,1
DA:459,1
DA:461,1
DA:462,1
DA:463,1
DA:464,1
DA:466,1
DA:467,1
DA:468,1
DA:471,1
DA:473,1
DA:474,1
DA:475,1
DA:476,1
DA:478,1
DA:479,1
DA:480,1
DA:483,1
DA:485,1
DA:486,1
DA:487,1
DA:488,1
DA:490,1
DA:491,1
DA:492,1
DA:495,1
DA:497,1
DA:498,1
DA:499,1
DA:500,1
DA:502,1
DA:503,1
DA:504,1
DA:507,1
DA:509,1
DA:510,1
DA:511,1
DA:512,1
DA:514,1
DA:515,1
DA:516,1
DA:519,1
DA:521,1
DA:522,1
DA:523,1
DA:524,1
DA:526,1
DA:527,1
DA:528,1
DA:531,1
DA:533,1
DA:534,1
DA:535,1
DA:536,1
DA:538,1
DA:539,1
DA:540,1
DA:543,1
DA:545,1
DA:546,1
DA:547,1
DA:548,1
DA:550,1
DA:551,1
DA:552,1
DA:555,1
DA:557,1
DA:558,1
DA:559,1
DA:560,1
DA:562,1
DA:563,1
DA:564,1
DA:567,1
DA:569,1
DA:570,1
DA:571,1
DA:572,1
DA:574,1
DA:575,1
DA:576,1
DA:579,1
DA:581,1
DA:582,1
DA:583,1
DA:584,1
DA:586,1
DA:587,1
DA:588,1
DA:591,1
DA:593,1
DA:594,1
DA:595,1
DA:596,1
DA:598,1
DA:599,1
DA:600,1
DA:603,1
DA:605,1
DA:606,1
DA:607,1
DA:608,1
DA:610,1
DA:611,1
DA:612,1
DA:615,1
DA:617,1
DA:618,1
DA:619,1
DA:620,1
DA:622,1
DA:623,1
DA:624,1
DA:627,1
DA:629,1
DA:630,1
DA:631,1
DA:632,1
DA:634,1
DA:635,1
DA:636,1
DA:639,1
DA:641,1
DA:642,1
DA:643,1
DA:644,1
DA:646,1
DA:647,1
DA:648,1
DA:651,1
DA:653,1
DA:654,1
DA:655,1
DA:656,1
DA:658,1
DA:659,1
DA:660,1
DA:663,1
DA:665,1
DA:666,1
DA:667,1
DA:668,1
DA:670,1
DA:671,1
DA:672,1
DA:675,1
DA:677,1
DA:678,1
DA:679,1
DA:680,1
DA:682,1
DA:683,1
DA:684,1
DA:687,1
DA:689,1
DA:690,1
DA:691,1
DA:692,1
DA:694,1
DA:695,1
DA:696,1
DA:699,1
DA:701,1
DA:702,1
DA:703,1
DA:704,1
DA:706,1
DA:707,1
DA:708,1
DA:711,1
DA:713,1
DA:714,1
DA:715,1
DA:716,1
DA:718,1
DA:719,1
DA:720,1
DA:723,1
DA:725,1
DA:726,1
DA:727,1
DA:728,1
DA:730,1
DA:731,1
DA:732,1
DA:735,1
DA:737,1
DA:738,1
DA:739,1
DA:740,1
DA:742,1
DA:743,1
DA:744,1
DA:747,1
DA:749,1
DA:750,1
DA:751,1
DA:752,1
DA:754,1
DA:755,1
DA:756,1
DA:759,1
DA:761,1
DA:762,1
DA:763,1
DA:764,1
DA:766,1
DA:767,1
DA:768,1
DA:771,1
DA:773,1
DA:774,1
DA:775,1
DA:776,1
DA:778,1
DA:779,1
DA:780,1
DA:783,1
DA:785,1
DA:786,1
DA:787,1
DA:788,1
DA:790,1
DA:791,1
DA:792,1
DA:795,1
DA:797,1
DA:798,1
DA:799,1
DA:800,1
DA:802,1
DA:803,1
DA:804,1
DA:807,1
DA:809,1
DA:810,1
DA:811,1
DA:812,1
DA:814,1
DA:815,1
DA:816,1
DA:819,1
DA:821,1
DA:822,1
DA:823,1
DA:824,1
DA:826,1
DA:827,1
DA:828,1
DA:831,1
DA:833,1
DA:834,1
DA:835,1
DA:836,1
DA:838,1
DA:839,1
DA:840,1
DA:843,1
DA:845,1
DA:846,1
DA:847,1
DA:848,1
DA:850,1
DA:851,1
DA:852,1
DA:855,1
DA:857,1
DA:858,1
DA:859,1
DA:860,1
DA:862,1
DA:863,1
DA:864,1
DA:867,1
DA:869,1
DA:870,1
DA:871,1
DA:872,1
DA:874,1
DA:875,1
DA:876,1
DA:879,1
DA:881,1
DA:882,1
DA:883,1
DA:884,1
DA:886,1
DA:887,1
DA:888,1
DA:891,1
DA:893,1
DA:894,1
DA:895,1
DA:896,1
DA:898,1
DA:899,1
DA:900,1
DA:903,1
DA:905,1
DA:906,1
DA:907,1
DA:908,1
DA:910,1
DA:911,1
DA:912,1
DA:915,1
DA:917,1
DA:918,1
DA:919,1
DA:920,1
DA:922,1
DA:923,1
DA:924,1
DA:927,1
DA:929,1
DA:930,1
DA:931,1
DA:932,1
DA:934,1
DA:935,1
DA:936,1
DA:939,1
DA:941,1
DA:942,1
DA:943,1
DA:944,1
DA:946,1
DA:947,1
DA:948,1
DA:951,1
DA:953,1
DA:954,1
DA:955,1
DA:956,1
DA:958,1
DA:959,1
DA:960,1
DA:963,1
DA:965,1
DA:966,1
DA:967,1
DA:968,1
DA:970,1
DA:971,1
DA:972,1
DA:975,1
DA:977,1
DA:978,1
DA:979,1
DA:980,1
DA:982,1
DA:983,1
DA:984,1
DA:987,1
DA:989,1
DA:990,1
DA:991,1
DA:992,1
DA:994,1
DA:995,1
DA:996,1
DA:999,1
DA:1001,1
DA:1002,1
DA:1003,1
DA:1004,1
DA:1006,1
DA:1007,1
DA:1008,1
DA:1011,1
DA:1013,1
DA:1014,1
DA:1015,1
DA:1016,1
DA:1018,1
DA:1019,1
DA:1020,1
DA:1023,1
DA:1025,1
DA:1026,1
DA:1027,1
DA:1028,1
DA:1030,1
DA:1031,1
DA:1032,1
DA:1035,1
DA:1037,1
DA:1038,1
DA:1039,1
DA:1040,1
DA:1042,1
DA:1043,1
DA:1044,1
DA:1047,1
DA:1049,1
DA:1050,1
DA:1051,1
DA:1052,1
DA:1054,1
DA:1055,1
DA:1056,1
DA:1059,1
DA:1061,1
DA:1062,1
DA:1063,1
DA:1064,1
DA:1066,1
DA:1067,1
DA:1068,1
DA:1071,1
DA:1073,1
DA:1074,1
DA:1075,1
DA:1076,1
DA:1078,1
DA:1079,1
DA:1080,1
DA:1083,1
DA:1085,1
DA:1086,1
DA:1087,1
DA:1088,1
DA:1090,1
DA:1091,1
DA:1092,1
DA:1095,1
DA:1097,1
DA:1098,1
DA:1099,1
DA:1100,1
DA:1102,1
DA:1103,1
DA:1104,1
DA:1107,1
DA:1109,1
DA:1110,1
DA:1111,1
DA:1112,1
DA:1114,1
DA:1115,1
DA:1116,1
DA:1119,1
DA:1121,1
DA:1122,1
DA:1123,1
DA:1124,1
DA:1126,1
DA:1127,1
DA:1128,1
DA:1131,1
DA:1133,1
DA:1134,1
DA:1135,1
DA:1136,1
DA:1138,1
DA:1139,1
DA:1140,1
DA:1143,1
DA:1145,1
DA:1146,1
DA:1147,1
DA:1148,1
DA:1150,1
DA:1151,1
DA:1152,1
DA:1155,1
DA:1157,1
DA:1158,1
DA:1159,1
DA:1160,1
DA:1162,1
DA:1163,1
DA:1164,1
DA:1167,1
DA:1169,1
DA:1170,1
DA:1171,1
DA:1172,1
DA:1174,1
DA:1175,1
DA:1176,1
DA:1179,1
DA:1181,1
DA:1182,1
DA:1183,1
DA:1184,1
DA:1186,1
DA:1187,1
DA:1188,1
DA:1191,1
DA:1193,1
DA:1194,1
DA:1195,1
DA:1196,1
DA:1198,1
DA:1199,1
DA:1200,1
DA:1203,1
DA:1205,1
DA:1206,1
DA:1207,1
DA:1208,1
DA:1210,1
DA:1211,1
DA:1212,1
DA:1215,1
DA:1217,1
DA:1218,1
DA:1219,1
DA:1220,1
DA:1222,1
DA:1223,1
DA:1224,1
DA:1227,1
DA:1228,1
DA:1229,1
DA:1230,1
DA:1231,1
DA:1232,1
DA:1233,1
DA:1234,1
DA:1235,1
DA:1236,1
DA:1237,1
DA:1238,1
DA:1239,1
DA:1240,1
DA:1241,1
DA:1242,1
DA:1243,1
DA:1244,1
DA:1245,1
DA:1246,1
DA:1247,1
DA:1248,1
DA:1249,1
DA:1250,1
DA:1251,1
DA:1252,1
DA:1253,1
DA:1254,1
DA:1255,1
DA:1256,1
DA:1257,1
DA:1258,1
DA:1259,1
DA:1260,1
DA:1261,1
DA:1262,1
DA:1263,1
DA:1264,1
DA:1265,1
DA:1266,1
DA:1267,1
DA:1268,1
DA:1269,1
DA:1270,1
DA:1271,1
DA:1272,1
DA:1273,1
DA:1274,1
DA:1275,1
DA:1276,1
DA:1277,1
DA:1278,1
DA:1279,1
DA:1280,1
DA:1281,1
DA:1282,1
DA:1283,1
DA:1284,1
DA:1285,1
DA:1286,1
DA:1287,1
DA:1288,1
DA:1289,1
DA:1290,1
DA:1291,1
DA:1292,1
DA:1293,1
DA:1294,1
DA:1295,1
DA:1296,1
DA:1297,1
DA:1298,1
DA:1299,1
DA:1300,1
DA:1301,1
DA:1302,1
DA:1303,1
DA:1304,1
DA:1305,1
DA:1306,1
DA:1307,1
DA:1308,1
DA:1309,1
DA:1310,1
DA:1311,1
DA:1312,1
DA:1313,1
DA:1314,1
DA:1315,1
DA:1316,1
DA:1317,1
DA:1318,1
DA:1319,1
DA:1320,1
DA:1321,1
DA:1322,1
DA:1323,1
DA:1324,1
DA:1325,1
DA:1326,1
DA:1327,1
DA:1328,1
DA:1329,1
DA:1330,1
DA:1331,1
DA:1333,1
DA:1334,1
LF:923
LH:923
end_of_record
TN:s21_decimal
SF:/Users/sukhanovalexey/Desktop/TEMP_DECIMAL/C-Decimal/tests/test_from_decimal_to_float.c
FN:1011,1020,s21_tofloat_test_85_fn
FN:1023,1032,s21_tofloat_test_86_fn
FN:1035,1044,s21_tofloat_test_87_fn
FN:1047,1056,s21_tofloat_test_88_fn
FN:1059,1068,s21_tofloat_test_89_fn
FN:1071,1080,s21_tofloat_test_90_fn
FN:1083,1092,s21_tofloat_test_91_fn
FN:1095,1104,s21_tofloat_test_92_fn
FN:1107,1116,s21_tofloat_test_93_fn
FN:111,120,s21_tofloat_test_10_fn
FN:1119,1128,s21_tofloat_test_94_fn
FN:1131,1140,s21_tofloat_test_95_fn
FN:1143,1152,s21_tofloat_test_96_fn
FN:1155,1164,s21_tofloat_test_97_fn
FN:1167,1176,s21_tofloat_test_98_fn
FN:1179,1188,s21_tofloat_test_99_fn
FN:1191,1200,s21_tofloat_test_100_fn
FN:1204,1310,suite_from_decimal_to_float
FN:123,132,s21_tofloat_test_11_fn
FN:135,144,s21_tofloat_test_12_fn
FN:147,156,s21_tofloat_test_13_fn
FN:15,24,s21_tofloat_test_2_fn
FN:159,168,s21_tofloat_test_14_fn
FN:171,180,s21_tofloat_test_15_fn
FN:183,192,s21_tofloat_test_16_fn
FN:195,204,s21_tofloat_test_17_fn
FN:207,216,s21_tofloat_test_18_fn
FN:219,228,s21_tofloat_test_19_fn
FN:231,240,s21_tofloat_test_20_fn
FN:243,252,s21_tofloat_test_21_fn
FN:255,264,s21_tofloat_test_22_fn
FN:267,276,s21_tofloat_test_23_fn
FN:27,36,s21_tofloat_test_3_fn
FN:279,288,s21_tofloat_test_24_fn
FN:291,300,s21_tofloat_test_25_fn
FN:3,12,s21_tofloat_test_1_fn
FN:303,312,s21_tofloat_test_26_fn
FN:315,324,s21_tofloat_test_27_fn
FN:327,336,s21_tofloat_test_28_fn
FN:339,348,s21_tofloat_test_29_fn
FN:351,360,s21_tofloat_test_30_fn
FN:363,372,s21_tofloat_test_31_fn
FN:375,384,s21_tofloat_test_32_fn
FN:387,396,s21_tofloat_test_33_fn
FN:39,48,s21_tofloat_test_4_fn
FN:399,408,s21_tofloat_test_34_fn
FN:411,420,s21_tofloat_test_35_fn
FN:423,432,s21_tofloat_test_36_fn
FN:435,444,s21_tofloat_test_37_fn
FN:447,456,s21_tofloat_test_38_fn
FN:459,468,s21_tofloat_test_39_fn
FN:471,480,s21_tofloat_test_40_fn
FN:483,492,s21_tofloat_test_41_fn
FN:495,504,s21_tofloat_test_42_fn
FN:507,516,s21_tofloat_test_43_fn
FN:51,60,s21_tofloat_test_5_fn
FN:519,528,s21_tofloat_test_44_fn
FN:531,540,s21_tofloat_test_45_fn
FN:543,552,s21_tofloat_test_46_fn
FN:555,564,s21_tofloat_test_47_fn
FN:567,576,s21_tofloat_test_48_fn
FN:579,588,s21_tofloat_test_49_fn
FN:591,600,s21_tofloat_test_50_fn
FN:603,612,s21_tofloat_test_51_fn
FN:615,624,s21_tofloat_test_52_fn
FN:627,636,s21_tofloat_test_53_fn
FN:63,72,s21_tofloat_test_6_fn
FN:639,648,s21_tofloat_test_54_fn
FN:651,660,s21_tofloat_test_55_fn
FN:663,672,s21_tofloat_test_56_fn
FN:675,684,s21_tofloat_test_57_fn
FN:687,696,s21_tofloat_test_58_fn
FN:699,708,s21_tofloat_test_59_fn
FN:711,720,s21_tofloat_test_60_fn
FN:723,732,s21_tofloat_test_61_fn
FN:735,744,s21_tofloat_test_62_fn
FN:747,756,s21_tofloat_test_63_fn
FN:75,84,s21_tofloat_test_7_fn
FN:759,768,s21_tofloat_test_64_fn
FN:771,780,s21_tofloat_test_65_fn
FN:783,792,s21_tofloat_test_66_fn
FN:795,804,s21_tofloat_test_67_fn
FN:807,816,s21_tofloat_test_68_fn
FN:819,828,s21_tofloat_test_69_fn
FN:831,840,s21_tofloat_test_70_fn
FN:843,852,s21_tofloat_test_71_fn
FN:855,864,s21_tofloat_test_72_fn
FN:867,876,s21_tofloat_test_73_fn
FN:87,96,s21_tofloat_test_8_fn
FN:879,888,s21_tofloat_test_74_fn
FN:891,900,s21_tofloat_test_75_fn
FN:903,912,s21_tofloat_test_76_fn
FN:915,924,s21_tofloat_test_77_fn
FN:927,936,s21_tofloat_test_78_fn
FN:939,948,s21_tofloat_test_79_fn
FN:951,960,s21_tofloat_test_80_fn
FN:963,972,s21_tofloat_test_81_fn
FN:975,984,s21_tofloat_test_82_fn
FN:987,996,s21_tofloat_test_83_fn
FN:99,108,s21_tofloat_test_9_fn
FN:999,1008,s21_tofloat_test_84_fn
FNDA:1,s21_tofloat_test_85_fn
FNDA:1,s21_tofloat_test_86_fn
FNDA:1,s21_tofloat_test_87_fn
FNDA:1,s21_tofloat_test_88_fn
FNDA:1,s21_tofloat_test_89_fn
FNDA:1,s21_tofloat_test_90_fn
FNDA:1,s21_tofloat_test_91_fn
FNDA:1,s21_tofloat_test_92_fn
FNDA:1,s21_tofloat_test_93_fn
FNDA:1,s21_tofloat_test_10_fn
FNDA:1,s21_tofloat_test_94_fn
FNDA:1,s21_tofloat_test_95_fn
FNDA:1,s21_tofloat_test_96_fn
FNDA:1,s21_tofloat_test_97_fn
FNDA:1,s21_tofloat_test_98_fn
FNDA:1,s21_tofloat_test_99_fn
FNDA:1,s21_tofloat_test_100_fn
FNDA:1,suite_from_decimal_to_float
FNDA:1,s21_tofloat_test_11_fn
FNDA:1,s21_tofloat_test_12_fn
FNDA:1,s21_tofloat_test_13_fn
FNDA:1,s21_tofloat_test_2_fn
FNDA:1,s21_tofloat_test_14_fn
FNDA:1,s21_tofloat_test_15_fn
FNDA:1,s21_tofloat_test_16_fn
FNDA:1,s21_tofloat_test_17_fn
FNDA:1,s21_tofloat_test_18_fn
FNDA:1,s21_tofloat_test_19_fn
FNDA:1,s21_tofloat_test_20_fn
FNDA:1,s21_tofloat_test_21_fn
FNDA:1,s21_tofloat_test_22_fn
FNDA:1,s21_tofloat_test_23_fn
FNDA:1,s21_tofloat_test_3_fn
FNDA:1,s21_tofloat_test_24_fn
FNDA:1,s21_tofloat_test_25_fn
FNDA:1,s21_tofloat_test_1_fn
FNDA:1,s21_tofloat_test_26_fn
FNDA:1,s21_tofloat_test_27_fn
FNDA:1,s21_tofloat_test_28_fn
FNDA:1,s21_tofloat_test_29_fn
FNDA:1,s21_tofloat_test_30_fn
FNDA:1,s21_tofloat_test_31_fn
FNDA:1,s21_tofloat_test_32_fn
FNDA:1,s21_tofloat_test_33_fn
FNDA:1,s21_tofloat_test_4_fn
FNDA:1,s21_tofloat_test_34_fn
FNDA:1,s21_tofloat_test_35_fn
FNDA:1,s21_tofloat_test_36_fn
FNDA:1,s21_tofloat_test_37_fn
FNDA:1,s21_tofloat_test_38_fn
FNDA:1,s21_tofloat_test_39_fn
FNDA:1,s21_tofloat_test_40_fn
FNDA:1,s21_tofloat_test_41_fn
FNDA:1,s21_tofloat_test_42_fn
FNDA:1,s21_tofloat_test_43_fn
FNDA:1,s21_tofloat_test_5_fn
FNDA:1,s21_tofloat_test_44_fn
FNDA:1,s21_tofloat_test_45_fn
FNDA:1,s21_tofloat_test_46_fn
FNDA:1,s21_tofloat_test_47_fn
FNDA:1,s21_tofloat_test_48_fn
FNDA:1,s21_tofloat_test_49_fn
FNDA:1,s21_tofloat_test_50_fn
FNDA:1,s21_tofloat_test_51_fn
FNDA:1,s21_tofloat_test_52_fn
FNDA:1,s21_tofloat_test_53_fn
FNDA:1,s21_tofloat_test_6_fn
FNDA:1,s21_tofloat_test_54_fn
FNDA:1,s21_tofloat_test_55_fn
FNDA:1,s21_tofloat_test_56_fn
FNDA:1,s21_tofloat_test_57_fn
FNDA:1,s21_tofloat_test_58_fn
FNDA:1,s21_tofloat_test_59_fn
FNDA:1,s21_tofloat_test_60_fn
FNDA:1,s21_tofloat_test_61_fn
FNDA:1,s21_tofloat_test_62_fn
FNDA:1,s21_tofloat_test_63_fn
FNDA:1,s21_tofloat_test_7_fn
FNDA:1,s21_tofloat_test_64_fn
FNDA:1,s21_tofloat_test_65_fn
FNDA:1,s21_tofloat_test_66_fn
FNDA:1,s21_tofloat_test_67_fn
FNDA:1,s21_tofloat_test_68_fn
FNDA:1,s21_tofloat_test_69_fn
FNDA:1,s21_tofloat_test_70_fn
FNDA:1,s21_tofloat_test_71_fn
FNDA:1,s21_tofloat_test_72_fn
FNDA:1,s21_tofloat_test_73_fn
FNDA:1,s21_tofloat_test_8_fn
FNDA:1,s21_tofloat_test_74_fn
FNDA:1,s21_tofloat_test_75_fn
FNDA:1,s21_tofloat_test_76_fn
FNDA:1,s21_tofloat_test_77_fn
FNDA:1,s21_tofloat_test_78_fn
FNDA:1,s21_tofloat_test_79_fn
FNDA:1,s21_tofloat_test_80_fn
FNDA:1,s21_tofloat_test_81_fn
FNDA:1,s21_tofloat_test_82_fn
FNDA:1,s21_tofloat_test_83_fn
FNDA:1,s21_tofloat_test_9_fn
FNDA:1,s21_tofloat_test_84_fn
FNF:101
FNH:101
DA:3,1
DA:5,1
DA:6,1
DA:7,1
DA:8,1
DA:10,1
DA:11,1
DA:12,1
DA:15,1
DA:17,1
DA:18,1
DA:19,1
DA:20,1
DA:22,1
DA:23,1
DA:24,1
DA:27,1
DA:29,1
DA:30,1
DA:31,1
DA:32,1
DA:34,1
DA:35,1
DA:36,1
DA:39,1
DA:41,1
DA:42,1
DA:43,1
DA:44,1
DA:46,1
DA:47,1
DA:48,1
DA:51,1
DA:53,1
DA:54,1
DA:55,1
DA:56,1
DA:58,1
DA:59,1
DA:60,1
DA:63,1
DA:65,1
DA:66,1
DA:67,1
DA:68,1
DA:70,1
DA:71,1
DA:72,1
DA:75,1
DA:77,1
DA:78,1
DA:79,1
DA:80,1
DA:82,1
DA:83,1
DA:84,1
DA:87,1
DA:89,1
DA:90,1
DA:91,1
DA:92,1
DA:94,1
DA:95,1
DA:96,1
DA:99,1
DA:101,1
DA:102,1
DA:103,1
DA:104,1
DA:106,1
DA:107,1
DA:108,1
DA:111,1
DA:113,1
DA:114,1
DA:115,1
DA:116,1
DA:118,1
DA:119,1
DA:120,1
DA:123,1
DA:125,1
DA:126,1
DA:127,1
DA:128,1
DA:130,1
DA:131,1
DA:132,1
DA:135,1
DA:137,1
DA:138,1
DA:139,1
DA:140,1
DA:142,1
DA:143,1
DA:144,1
DA:147,1
DA:149,1
DA:150,1
DA:151,1
DA:152,1
DA:154,1
DA:155,1
DA:156,1
DA:159,1
DA:161,1
DA:162,1
DA:163,1
DA:164,1
DA:166,1
DA:167,1
DA:168,1
DA:171,1
DA:173,1
DA:174,1
DA:175,1
DA:176,1
DA:178,1
DA:179,1
DA:180,1
DA:183,1
DA:185,1
DA:186,1
DA:187,1
DA:188,1
DA:190,1
DA:191,1
DA:192,1
DA:195,1
DA:197,1
DA:198,1
DA:199,1
DA:200,1
DA:202,1
DA:203,1
DA:204,1
DA:207,1
DA:209,1
DA:210,1
DA:211,1
DA:212,1
DA:214,1
DA:215,1
DA:216,1
DA:219,1
DA:221,1
DA:222,1
DA:223,1
DA:224,1
DA:226,1
DA:227,1
DA:228,1
DA:231,1
DA:233,1
DA:234,1
DA:235,1
DA:236,1
DA:238,1
DA:239,1
DA:240,1
DA:243,1
DA:245,1
DA:246,1
DA:247,1
DA:248,1
DA:250,1
DA:251,1
DA:252,1
DA:255,1
DA:257,1
DA:258,1
DA:259,1
DA:260,1
DA:262,1
DA:263,1
DA:264,1
DA:267,1
DA:269,1
DA:270,1
DA:271,1
DA:272,1
DA:274,1
DA:275,1
DA:276,1
DA:279,1
DA:281,1
DA:282,1
DA:283,1
DA:284,1
DA:286,1
DA:287,1
DA:288,1
DA:291,1
DA:293,1
DA:294,1
DA:295,1
DA:296,1
DA:298,1
DA:299,1
DA:300,1
DA:303,1
DA:305,1
DA:306,1
DA:307,1
DA:308,1
DA:310,1
DA:311,1
DA:312,1
DA:315,1
DA:317,1
DA:318,1
DA:319,1
DA:320,1
DA:322,1
DA:323,1
DA:324,1
DA:327,1
DA:329,1
DA:330,1
DA:331,1
DA:332,1
DA:334,1
DA:335,1
DA:336,1
DA:339,1
DA:341,1
DA:342,1
DA:343,1
DA:344,1
DA:346,1
DA:347,1
DA:348,1
DA:351,1
DA:353,1
DA:354,1
DA:355,1
DA:356,1
DA:358,1
DA:359,1
DA:360,1
DA:363,1
DA:365,1
DA:366,1
DA:367,1
DA:368,1
DA:370,1
DA:371,1
DA:372,1
DA:375,1
DA:377,1
DA:378,1
DA:379,1
DA:380,1
DA:382,1
DA:383,1
DA:384,1
DA:387,1
DA:389,1
DA:390,1
DA:391,1
DA:392,1
DA:394,1
DA:395,1
DA:396,1
DA:399,1
DA:401,1
DA:402,1
DA:403,1
DA:404,1
DA:406,1
DA:407,1
DA:408,1
DA:411,1
DA:413,1
DA:414,1
DA:415,1
DA:416,1
DA:418,1
DA:419,1
DA:420,1
DA:423,1
DA:425,1
DA:426,1
DA:427,1
DA:428,1
DA:430,1
DA:431,1
DA:432,1
DA:435,1
DA:437,1
DA:438,1
DA:439,1
DA:440,1
DA:442,1
DA:443,1
DA:444,1
DA:447,1
DA:449,1
DA:450,1
DA:451,1
DA:452,1
DA:454,1
DA:455,1
DA:456,1
DA:459,1
DA:461,1
DA:462,1
DA:463,1
DA:464,1
DA:466,1
DA:467,1
DA:468,1
DA:471,1
DA:473,1
DA:474,1
DA:475,1
DA:476,1
DA:478,1
DA:479,1
DA:480,1
DA:483,1
DA:485,1
DA:486,1
DA:487,1
DA:488,1
DA:490,1
DA:491,1
DA:492,1
DA:495,1
DA:497,1
DA:498,1
DA:499,1
DA:500,1
DA:502,1
DA:503,1
DA:504,1
DA:507,1
DA:509,1
DA:510,1
DA:511,1
DA:512,1
DA:514,1
DA:515,1
DA:516,1
DA:519,1
DA:521,1
DA:522,1
DA:523,1
DA:524,1
DA:526,1
DA:527,1
DA:528,1
DA:531,1
DA:533,1
DA:534,1
DA:535,1
DA:536,1
DA:538,1
DA:539,1
DA:540,1
DA:543,1
DA:545,1
DA:546,1
DA:547,1
DA:548,1
DA:550,1
DA:551,1
DA:552,1
DA:555,1
DA:557,1
DA:558,1
DA:559,1
DA:560,1
DA:562,1
DA:563,1
DA:564,1
DA:567,1
DA:569,1
DA:570,1
DA:571,1
DA:572,1
DA:574,1
DA:575,1
DA:576,1
DA:579,1
DA:581,1
DA:582,1
DA:583,1
DA:584,1
DA:586,1
DA:587,1
DA:588,1
DA:591,1
DA:593,1
DA:594,1
DA:595,1
DA:596,1
DA:598,1
DA:599,1
DA:600,1
DA:603,1
DA:605,1
DA:606,1
DA:607,1
DA:608,1
DA:610,1
DA:611,1
DA:612,1
DA:615,1
DA:617,1
DA:618,1
DA:619,1
DA:620,1
DA:622,1
DA:623,1
DA:624,1
DA:627,1
DA:629,1
DA:630,1
DA:631,1
DA:632,1
DA:634,1
DA:635,1
DA:636,1
DA:639,1
DA:641,1
DA:642,1
DA:643,1
DA:644,1
DA:646,1
DA:647,1
DA:648,1
DA:651,1
DA:653,1
DA:654,1
DA:655,1
DA:656,1
DA:658,1
DA:659,1
DA:660,1
DA:663,1
DA:665,1
DA:666,1
DA:667,1
DA:668,1
DA:670,1
DA:671,1
DA:672,1
DA:675,1
DA:677,1
DA:678,1
DA:679,1
DA:680,1
DA:682,1
DA:683,1
DA:684,1
DA:687,1
DA:689,1
DA:690,1
DA:691,1
DA:692,1
DA:694,1
DA:695,1
DA:696,1
DA:699,1
DA:701,1
DA:702,1
DA:703,1
DA:704,1
DA:706,1
DA:707,1
DA:708,1
DA:711,1
DA:713,1
DA:714,1
DA:715,1
DA:716,1
DA:718,1
DA:719,1
DA:720,1
DA:723,1
DA:725,1
DA:726,1
DA:727,1
DA:728,1
DA:730,1
DA:731,1
DA:732,1
DA:735,1
DA:737,1
DA:738,1
DA:739,1
DA:740,1
DA:742,1
DA:743,1
DA:744,1
DA:747,1
DA:749,1
DA:750,1
DA:751,1
DA:752,1
DA:754,1
DA:755,1
DA:756,1
DA:759,1
DA:761,1
DA:762,1
DA:763,1
DA:764,1
DA:766,1
DA:767,1
DA:768,1
DA:771,1
DA:773,1
DA:774,1
DA:775,1
DA:776,1
DA:778,1
DA:779,1
DA:780,1
DA:783,1
DA:785,1
DA:786,1
DA:787,1
DA:788,1
DA:790,1
DA:791,1
DA:792,1
DA:795,1
DA:797,1
DA:798,1
DA:799,1
DA:800,1
DA:802,1
DA:803,1
DA:804,1
DA:807,1
DA:809,1
DA:810,1
DA:811,1
DA:812,1
DA:814,1
DA:815,1
DA:816,1
DA:819,1
DA:821,1
DA:822,1
DA:823,1
DA:824,1
DA:826,1
DA:827,1
DA:828,1
DA:831,1
DA:833,1
DA:834,1
DA:835,1
DA:836,1
DA:838,1
DA:839,1
DA:840,1
DA:843,1
DA:845,1
DA:846,1
DA:847,1
DA:848,1
DA:850,1
DA:851,1
DA:852,1
DA:855,1
DA:857,1
DA:858,1
DA:859,1
DA:860,1
DA:862,1
DA:863,1
DA:864,1
DA:867,1
DA:869,1
DA:870,1
DA:871,1
DA:872,1
DA:874,1
DA:875,1
DA:876,1
DA:879,1
DA:881,1
DA:882,1
DA:883,1
DA:884,1
DA:886,1
DA:887,1
DA:888,1
DA:891,1
DA:893,1
DA:894,1
DA:895,1
DA:896,1
DA:898,1
DA:899,1
DA:900,1
DA:903,1
DA:905,1
DA:906,1
DA:907,1
DA:908,1
DA:910,1
DA:911,1
DA:912,1
DA:915,1
DA:917,1
DA:918,1
DA:919,1
DA:920,1
DA:922,1
DA:923,1
DA:924,1
DA:927,1
DA:929,1
DA:930,1
DA:931,1
DA:932,1
DA:934,1
DA:935,1
DA:936,1
DA:939,1
DA:941,1
[...]
DA:906,1
DA:908,1
DA:909,1
DA:910,1
DA:913,1
DA:916,1
DA:917,1
DA:918,1
DA:919,1
DA:920,1
DA:922,1
DA:923,1
DA:924,1
DA:927,1
DA:930,1
DA:931,1
DA:932,1
DA:933,1
DA:934,1
DA:936,1
DA:937,1
DA:938,1
DA:941,1
DA:944,1
DA:945,1
DA:946,1
DA:947,1
DA:948,1
DA:950,1
DA:951,1
DA:952,1
DA:955,1
DA:958,1
DA:959,1
DA:960,1
DA:961,1
DA:962,1
DA:964,1
DA:965,1
DA:966,1
DA:969,1
DA:972,1
DA:973,1
DA:974,1
DA:975,1
DA:976,1
DA:978,1
DA:979,1
DA:980,1
DA:983,1
DA:986,1
DA:987,1
DA:988,1
DA:989,1
DA:990,1
DA:992,1
DA:993,1
DA:994,1
DA:997,1
DA:1000,1
DA:1001,1
DA:1002,1
DA:1003,1
DA:1004,1
DA:1006,1
DA:1007,1
DA:1008,1
DA:1011,1
DA:1014,1
DA:1015,1
DA:1016,1
DA:1017,1
DA:1018,1
DA:1020,1
DA:1021,1
DA:1022,1
DA:1025,1
DA:1028,1
DA:1029,1
DA:1030,1
DA:1031,1
DA:1032,1
DA:1034,1
DA:1035,1
DA:1036,1
DA:1039,1
DA:1042,1
DA:1043,1
DA:1044,1
DA:1045,1
DA:1046,1
DA:1048,1
DA:1049,1
DA:1050,1
DA:1053,1
DA:1056,1
DA:1057,1
DA:1058,1
DA:1059,1
DA:1060,1
DA:1062,1
DA:1063,1
DA:1064,1
DA:1067,1
DA:1070,1
DA:1071,1
DA:1072,1
DA:1073,1
DA:1074,1
DA:1076,1
DA:1077,1
DA:1078,1
DA:1081,1
DA:1084,1
DA:1085,1
DA:1086,1
DA:1087,1
DA:1088,1
DA:1090,1
DA:1091,1
DA:1092,1
DA:1095,1
DA:1098,1
DA:1099,1
DA:1100,1
DA:1101,1
DA:1102,1
DA:1104,1
DA:1105,1
DA:1106,1
DA:1109,1
DA:1112,1
DA:1113,1
DA:1114,1
DA:1115,1
DA:1116,1
DA:1118,1
DA:1119,1
DA:1120,1
DA:1123,1
DA:1126,1
DA:1127,1
DA:1128,1
DA:1129,1
DA:1130,1
DA:1132,1
DA:1133,1
DA:1134,1
DA:1137,1
DA:1140,1
DA:1141,1
DA:1142,1
DA:1143,1
DA:1144,1
DA:1146,1
DA:1147,1
DA:1148,1
DA:1151,1
DA:1154,1
DA:1155,1
DA:1156,1
DA:1157,1
DA:1158,1
DA:1160,1
DA:1161,1
DA:1162,1
DA:1165,1
DA:1168,1
DA:1169,1
DA:1170,1
DA:1171,1
DA:1172,1
DA:1174,1
DA:1175,1
DA:1176,1
DA:1179,1
DA:1182,1
DA:1183,1
DA:1184,1
DA:1185,1
DA:1186,1
DA:1188,1
DA:1189,1
DA:1190,1
DA:1193,1
DA:1196,1
DA:1197,1
DA:1198,1
DA:1199,1
DA:1200,1
DA:1202,1
DA:1203,1
DA:1204,1
DA:1207,1
DA:1210,1
DA:1211,1
DA:1212,1
DA:1213,1
DA:1214,1
DA:1216,1
DA:1217,1
DA:1218,1
DA:1221,1
DA:1224,1
DA:1225,1
DA:1226,1
DA:1227,1
DA:1228,1
DA:1230,1
DA:1231,1
DA:1232,1
DA:1235,1
DA:1238,1
DA:1239,1
DA:1240,1
DA:1241,1
DA:1242,1
DA:1244,1
DA:1245,1
DA:1246,1
DA:1249,1
DA:1252,1
DA:1253,1
DA:1254,1
DA:1255,1
DA:1256,1
DA:1258,1
DA:1259,1
DA:1260,1
DA:1263,1
DA:1266,1
DA:1267,1
DA:1268,1
DA:1269,1
DA:1270,1
DA:1272,1
DA:1273,1
DA:1274,1
DA:1277,1
DA:1280,1
DA:1281,1
DA:1282,1
DA:1283,1
DA:1284,1
DA:1286,1
DA:1287,1
DA:1288,1
DA:1291,1
DA:1294,1
DA:1295,1
DA:1296,1
DA:1297,1
DA:1298,1
DA:1300,1
DA:1301,1
DA:1302,1
DA:1305,1
DA:1308,1
DA:1309,1
DA:1310,1
DA:1311,1
DA:1312,1
DA:1314,1
DA:1315,1
DA:1316,1
DA:1319,1
DA:1322,1
DA:1323,1
DA:1324,1
DA:1325,1
DA:1326,1
DA:1328,1
DA:1329,1
DA:1330,1
DA:1333,1
DA:1336,1
DA:1337,1
DA:1338,1
DA:1339,1
DA:1340,1
DA:1342,1
DA:1343,1
DA:1344,1
DA:1347,1
DA:1350,1
DA:1351,1
DA:1352,1
DA:1353,1
DA:1354,1
DA:1356,1
DA:1357,1
DA:1358,1
DA:1361,1
DA:1364,1
DA:1365,1
DA:1366,1
DA:1367,1
DA:1368,1
DA:1370,1
DA:1371,1
DA:1372,1
DA:1375,1
DA:1378,1
DA:1379,1
DA:1380,1
DA:1381,1
DA:1382,1
DA:1384,1
DA:1385,1
DA:1386,1
DA:1389,1
DA:1392,1
DA:1393,1
DA:1394,1
DA:1395,1
DA:1396,1
DA:1398,1
DA:1399,1
DA:1400,1
DA:1403,1
DA:1404,1
DA:1405,1
DA:1406,1
DA:1407,1
DA:1408,1
DA:1409,1
DA:1410,1
DA:1411,1
DA:1412,1
DA:1413,1
DA:1414,1
DA:1415,1
DA:1416,1
DA:1417,1
DA:1418,1
DA:1419,1
DA:1420,1
DA:1421,1
DA:1422,1
DA:1423,1
DA:1424,1
DA:1425,1
DA:1426,1
DA:1427,1
DA:1428,1
DA:1429,1
DA:1430,1
DA:1431,1
DA:1432,1
DA:1433,1
DA:1434,1
DA:1435,1
DA:1436,1
DA:1437,1
DA:1438,1
DA:1439,1
DA:1440,1
DA:1441,1
DA:1442,1
DA:1443,1
DA:1444,1
DA:1445,1
DA:1446,1
DA:1447,1
DA:1448,1
DA:1449,1
DA:1450,1
DA:1451,1
DA:1452,1
DA:1453,1
DA:1454,1
DA:1455,1
DA:1456,1
DA:1457,1
DA:1458,1
DA:1459,1
DA:1460,1
DA:1461,1
DA:1462,1
DA:1463,1
DA:1464,1
DA:1465,1
DA:1466,1
DA:1467,1
DA:1468,1
DA:1469,1
DA:1470,1
DA:1471,1
DA:1472,1
DA:1473,1
DA:1474,1
DA:1475,1
DA:1476,1
DA:1477,1
DA:1478,1
DA:1479,1
DA:1480,1
DA:1481,1
DA:1482,1
DA:1483,1
DA:1484,1
DA:1485,1
DA:1486,1
DA:1487,1
DA:1488,1
DA:1489,1
DA:1490,1
DA:1491,1
DA:1492,1
DA:1493,1
DA:1494,1
DA:1495,1
DA:1496,1
DA:1497,1
DA:1498,1
DA:1499,1
DA:1500,1
DA:1501,1
DA:1502,1
DA:1503,1
DA:1504,1
DA:1505,1
DA:1507,1
DA:1508,1
LF:1005
LH:1005
end_of_record
TN:s21_decimal
SF:/Users/sukhanovalexey/Desktop/TEMP_DECIMAL/C-Decimal/tests/test_truncate.c
FN:1011,1020,s21_truncate_test_85_fn
FN:1023,1032,s21_truncate_test_86_fn
FN:1035,1044,s21_truncate_test_87_fn
FN:1047,1056,s21_truncate_test_88_fn
FN:1059,1068,s21_truncate_test_89_fn
FN:1071,1080,s21_truncate_test_90_fn
FN:1083,1092,s21_truncate_test_91_fn
FN:1095,1104,s21_truncate_test_92_fn
FN:1107,1116,s21_truncate_test_93_fn
FN:111,120,s21_truncate_test_10_fn
FN:1119,1128,s21_truncate_test_94_fn
FN:1131,1140,s21_truncate_test_95_fn
FN:1143,1152,s21_truncate_test_96_fn
FN:1155,1164,s21_truncate_test_97_fn
FN:1167,1176,s21_truncate_test_98_fn
FN:1179,1188,s21_truncate_test_99_fn
FN:1191,1200,s21_truncate_test_100_fn
FN:1203,1212,s21_truncate_test_101_fn
FN:1215,1224,s21_truncate_test_102_fn
FN:1227,1334,suite_truncate
FN:123,132,s21_truncate_test_11_fn
FN:135,144,s21_truncate_test_12_fn
FN:147,156,s21_truncate_test_13_fn
FN:15,24,s21_truncate_test_2_fn
FN:159,168,s21_truncate_test_14_fn
FN:171,180,s21_truncate_test_15_fn
FN:183,192,s21_truncate_test_16_fn
FN:195,204,s21_truncate_test_17_fn
FN:207,216,s21_truncate_test_18_fn
FN:219,228,s21_truncate_test_19_fn
FN:231,240,s21_truncate_test_20_fn
FN:243,252,s21_truncate_test_21_fn
FN:255,264,s21_truncate_test_22_fn
FN:267,276,s21_truncate_test_23_fn
FN:27,36,s21_truncate_test_3_fn
FN:279,288,s21_truncate_test_24_fn
FN:291,300,s21_truncate_test_25_fn
FN:3,12,s21_truncate_test_1_fn
FN:303,312,s21_truncate_test_26_fn
FN:315,324,s21_truncate_test_27_fn
FN:327,336,s21_truncate_test_28_fn
FN:339,348,s21_truncate_test_29_fn
FN:351,360,s21_truncate_test_30_fn
FN:363,372,s21_truncate_test_31_fn
FN:375,384,s21_truncate_test_32_fn
FN:387,396,s21_truncate_test_33_fn
FN:39,48,s21_truncate_test_4_fn
FN:399,408,s21_truncate_test_34_fn
FN:411,420,s21_truncate_test_35_fn
FN:423,432,s21_truncate_test_36_fn
FN:435,444,s21_truncate_test_37_fn
FN:447,456,s21_truncate_test_38_fn
FN:459,468,s21_truncate_test_39_fn
FN:471,480,s21_truncate_test_40_fn
FN:483,492,s21_truncate_test_41_fn
FN:495,504,s21_truncate_test_42_fn
FN:507,516,s21_truncate_test_43_fn
FN:51,60,s21_truncate_test_5_fn
FN:519,528,s21_truncate_test_44_fn
FN:531,540,s21_truncate_test_45_fn
FN:543,552,s21_truncate_test_46_fn
FN:555,564,s21_truncate_test_47_fn
FN:567,576,s21_truncate_test_48_fn
FN:579,588,s21_truncate_test_49_fn
FN:591,600,s21_truncate_test_50_fn
FN:603,612,s21_truncate_test_51_fn
FN:615,624,s21_truncate_test_52_fn
FN:627,636,s21_truncate_test_53_fn
FN:63,72,s21_truncate_test_6_fn
FN:639,648,s21_truncate_test_54_fn
FN:651,660,s21_truncate_test_55_fn
FN:663,672,s21_truncate_test_56_fn
FN:675,684,s21_truncate_test_57_fn
FN:687,696,s21_truncate_test_58_fn
FN:699,708,s21_truncate_test_59_fn
FN:711,720,s21_truncate_test_60_fn
FN:723,732,s21_truncate_test_61_fn
FN:735,744,s21_truncate_test_62_fn
FN:747,756,s21_truncate_test_63_fn
FN:75,84,s21_truncate_test_7_fn
FN:759,768,s21_truncate_test_64_fn
FN:771,780,s21_truncate_test_65_fn
FN:783,792,s21_truncate_test_66_fn
FN:795,804,s21_truncate_test_67_fn
FN:807,816,s21_truncate_test_68_fn
FN:819,828,s21_truncate_test_69_fn
FN:831,840,s21_truncate_test_70_fn
FN:843,852,s21_truncate_test_71_fn
FN:855,864,s21_truncate_test_72_fn
FN:867,876,s21_truncate_test_73_fn
FN:87,96,s21_truncate_test_8_fn
FN:879,888,s21_truncate_test_74_fn
FN:891,900,s21_truncate_test_75_fn
FN:903,912,s21_truncate_test_76_fn
FN:915,924,s21_truncate_test_77_fn
FN:927,936,s21_truncate_test_78_fn
FN:939,948,s21_truncate_test_79_fn
FN:951,960,s21_truncate_test_80_fn
FN:963,972,s21_truncate_test_81_fn
FN:975,984,s21_truncate_test_82_fn
FN:987,996,s21_truncate_test_83_fn
FN:99,108,s21_truncate_test_9_fn
FN:999,1008,s21_truncate_test_84_fn
FNDA:1,s21_truncate_test_85_fn
FNDA:1,s21_truncate_test_86_fn
FNDA:1,s21_truncate_test_87_fn
FNDA:1,s21_truncate_test_88_fn
FNDA:1,s21_truncate_test_89_fn
FNDA:1,s21_truncate_test_90_fn
FNDA:1,s21_truncate_test_91_fn
FNDA:1,s21_truncate_test_92_fn
FNDA:1,s21_truncate_test_93_fn
FNDA:1,s21_truncate_test_10_fn
FNDA:1,s21_truncate_test_94_fn
FNDA:1,s21_truncate_test_95_fn
FNDA:1,s21_truncate_test_96_fn
FNDA:1,s21_truncate_test_97_fn
FNDA:1,s21_truncate_test_98_fn
FNDA:1,s21_truncate_test_99_fn
FNDA:1,s21_truncate_test_100_fn
FNDA:1,s21_truncate_test_101_fn
FNDA:1,s21_truncate_test_102_fn
FNDA:1,suite_truncate
FNDA:1,s21_truncate_test_11_fn
FNDA:1,s21_truncate_test_12_fn
FNDA:1,s21_truncate_test_13_fn
FNDA:1,s21_truncate_test_2_fn
FNDA:1,s21_truncate_test_14_fn
FNDA:1,s21_truncate_test_15_fn
FNDA:1,s21_truncate_test_16_fn
FNDA:1,s21_truncate_test_17_fn
FNDA:1,s21_truncate_test_18_fn
FNDA:1,s21_truncate_test_19_fn
FNDA:1,s21_truncate_test_20_fn
FNDA:1,s21_truncate_test_21_fn
FNDA:1,s21_truncate_test_22_fn
FNDA:1,s21_truncate_test_23_fn
FNDA:1,s21_truncate_test_3_fn
FNDA:1,s21_truncate_test_24_fn
FNDA:1,s21_truncate_test_25_fn
FNDA:1,s21_truncate_test_1_fn
FNDA:1,s21_truncate_test_26_fn
FNDA:1,s21_truncate_test_27_fn
FNDA:1,s21_truncate_test_28_fn
FNDA:1,s21_truncate_test_29_fn
FNDA:1,s21_truncate_test_30_fn
FNDA:1,s21_truncate_test_31_fn
FNDA:1,s21_truncate_test_32_fn
FNDA:1,s21_truncate_test_33_fn
FNDA:1,s21_truncate_test_4_fn
FNDA:1,s21_truncate_test_34_fn
FNDA:1,s21_truncate_test_35_fn
FNDA:1,s21_truncate_test_36_fn
FNDA:1,s21_truncate_test_37_fn
FNDA:1,s21_truncate_test_38_fn
FNDA:1,s21_truncate_test_39_fn
FNDA:1,s21_truncate_test_40_fn
FNDA:1,s21_truncate_test_41_fn
FNDA:1,s21_truncate_test_42_fn
FNDA:1,s21_truncate_test_43_fn
FNDA:1,s21_truncate_test_5_fn
FNDA:1,s21_truncate_test_44_fn
FNDA:1,s21_truncate_test_45_fn
FNDA:1,s21_truncate_test_46_fn
FNDA:1,s21_truncate_test_47_fn
FNDA:1,s21_truncate_test_48_fn
FNDA:1,s21_truncate_test_49_fn
FNDA:1,s21_truncate_test_50_fn
FNDA:1,s21_truncate_test_51_fn
FNDA:1,s21_truncate_test_52_fn
FNDA:1,s21_truncate_test_53_fn
FNDA:1,s21_truncate_test_6_fn
FNDA:1,s21_truncate_test_54_fn
FNDA:1,s21_truncate_test_55_fn
FNDA:1,s21_truncate_test_56_fn
FNDA:1,s21_truncate_test_57_fn
FNDA:1,s21_truncate_test_58_fn
FNDA:1,s21_truncate_test_59_fn
FNDA:1,s21_truncate_test_60_fn
FNDA:1,s21_truncate_test_61_fn
FNDA:1,s21_truncate_test_62_fn
FNDA:1,s21_truncate_test_63_fn
FNDA:1,s21_truncate_test_7_fn
FNDA:1,s21_truncate_test_64_fn
FNDA:1,s21_truncate_test_65_fn
FNDA:1,s21_truncate_test_66_fn
FNDA:1,s21_truncate_test_67_fn
FNDA:1,s21_truncate_test_68_fn
FNDA:1,s21_truncate_test_69_fn
FNDA:1,s21_truncate_test_70_fn
FNDA:1,s21_truncate_test_71_fn
FNDA:1,s21_truncate_test_72_fn
FNDA:1,s21_truncate_test_73_fn
FNDA:1,s21_truncate_test_8_fn
FNDA:1,s21_truncate_test_74_fn
FNDA:1,s21_truncate_test_75_fn
FNDA:1,s21_truncate_test_76_fn
FNDA:1,s21_truncate_test_77_fn
FNDA:1,s21_truncate_test_78_fn
FNDA:1,s21_truncate_test_79_fn
FNDA:1,s21_truncate_test_80_fn
FNDA:1,s21_truncate_test_81_fn
FNDA:1,s21_truncate_test_82_fn
FNDA:1,s21_truncate_test_83_fn
FNDA:1,s21_truncate_test_9_fn
FNDA:1,s21_truncate_test_84_fn
FNF:103
FNH:103
DA:3,1
DA:5,1
DA:6,1
DA:7,1
DA:8,1
DA:10,1
DA:11,1
DA:12,1
DA:15,1
DA:17,1
DA:18,1
DA:19,1
DA:20,1
DA:22,1
DA:23,1
DA:24,1
DA:27,1
DA:29,1
DA:30,1
DA:31,1
DA:32,1
DA:34,1
DA:35,1
DA:36,1
DA:39,1
DA:41,1
DA:42,1
DA:43,1
DA:44,1
DA:46,1
DA:47,1
DA:48,1
DA:51,1
DA:53,1
DA:54,1
DA:55,1
DA:56,1
DA:58,1
DA:59,1
DA:60,1
DA:63,1
DA:65,1
DA:66,1
DA:67,1
DA:68,1
DA:70,1
DA:71,1
DA:72,1
DA:75,1
DA:77,1
DA:78,1
DA:79,1
DA:80,1
DA:82,1
DA:83,1
DA:84,1
DA:87,1
DA:89,1
DA:90,1
DA:91,1
DA:92,1
DA:94,1
DA:95,1
DA:96,1
DA:99,1
DA:101,1
DA:102,1
DA:103,1
DA:104,1
DA:106,1
DA:107,1
DA:108,1
DA:111,1
DA:113,1
DA:114,1
DA:115,1
DA:116,1
DA:118,1
DA:119,1
DA:120,1
DA:123,1
DA:125,1
DA:126,1
DA:127,1
DA:128,1
DA:130,1
DA:131,1
DA:132,1
DA:135,1
DA:137,1
DA:138,1
DA:139,1
DA:140,1
DA:142,1
DA:143,1
DA:144,1
DA:147,1
DA:149,1
DA:150,1
DA:151,1
DA:152,1
DA:154,1
DA:155,1
DA:156,1
DA:159,1
DA:161,1
DA:162,1
DA:163,1
DA:164,1
DA:166,1
DA:167,1
DA:168,1
DA:171,1
DA:173,1
DA:174,1
DA:175,1
DA:176,1
DA:178,1
DA:179,1
DA:180,1
DA:183,1
DA:185,1
DA:186,1
DA:187,1
DA:188,1
DA:190,1
DA:191,1
DA:192,1
DA:195,1
DA:197,1
DA:198,1
DA:199,1
DA:200,1
DA:202,1
DA:203,1
DA:204,1
DA:207,1
DA:209,1
DA:210,1
DA:211,1
DA:212,1
DA:214,1
DA:215,1
DA:216,1
DA:219,1
DA:221,1
DA:222,1
DA:223,1
DA:224,1
DA:226,1
DA:227,1
DA:228,1
DA:231,1
DA:233,1
DA:234,1
DA:235,1
DA:236,1
DA:238,1
DA:239,1
DA:240,1
DA:243,1
DA:245,1
DA:246,1
DA:247,1
DA:248,1
DA:250,1
DA:251,1
DA:252,1
DA:255,1
DA:257,1
DA:258,1
DA:259,1
DA:260,1
DA:262,1
DA:263,1
DA:264,1
DA:267,1
DA:269,1
DA:270,1
DA:271,1
DA:272,1
DA:274,1
DA:275,1
DA:276,1
DA:279,1
DA:281,1
DA:282,1
DA:283,1
DA:284,1
DA:286,1
DA:287,1
DA:288,1
DA:291,1
DA:293,1
DA:294,1
DA:295,1
DA:296,1
DA:298,1
DA:299,1
DA:300,1
DA:303,1
DA:305,1
DA:306,1
DA:307,1
DA:308,1
DA:310,1
DA:311,1
DA:312,1
DA:315,1
DA:317,1
DA:318,1
DA:319,1
DA:320,1
DA:322,1
DA:323,1
DA:324,1
DA:327,1
DA:329,1
DA:330,1
DA:331,1
DA:332,1
DA:334,1
DA:335,1
DA:336,1
DA:339,1
DA:341,1
DA:342,1
DA:343,1
DA:344,1
DA:346,1
DA:347,1
DA:348,1
DA:351,1
DA:353,1
DA:354,1
DA:355,1
DA:356,1
DA:358,1
DA:359,1
DA:360,1
DA:363,1
DA:365,1
DA:366,1
DA:367,1
DA:368,1
DA:370,1
DA:371,1
DA:372,1
DA:375,1
DA:377,1
DA:378,1
DA:379,1
DA:380,1
DA:382,1
DA:383,1
DA:384,1
DA:387,1
DA:389,1
DA:390,1
DA:391,1
DA:392,1
DA:394,1
DA:395,1
DA:396,1
DA:399,1
DA:401,1
DA:402,1
DA:403,1
DA:404,1
DA:406,1
DA:407,1
DA:408,1
DA:411,1
DA:413,1
DA:414,1
DA:415,1
DA:416,1
DA:418,1
DA:419,1
DA:420,1
DA:423,1
DA:425,1
DA:426,1
DA:427,1
DA:428,1
DA:430,1
DA:431,1
DA:432,1
DA:435,1
DA:437,1
DA:438,1
DA:439,1
DA:440,1
DA:442,1
DA:443,1
DA:444,1
DA:447,1
DA:449,1
DA:450,1
DA:451,1
DA:452,1
DA:454,1
DA:455,1
DA:456,1
DA:459,1
DA:461,1
DA:462,1
DA:463,1
DA:464,1
DA:466,1
DA:467,1
DA:468,1
DA:471,1
DA:473,1
DA:474,1
DA:475,1
DA:476,1
DA:478,1
DA:479,1
DA:480,1
DA:483,1
DA:485,1
DA:486,1
DA:487,1
DA:488,1
DA:490,1
DA:491,1
DA:492,1
DA:495,1
DA:497,1
DA:498,1
DA:499,1
DA:500,1
DA:502,1
DA:503,1
DA:504,1
DA:507,1
DA:509,1
DA:510,1
DA:511,1
DA:512,1
DA:514,1
DA:515,1
DA:516,1
DA:519,1
DA:521,1
DA:522,1
DA:523,1
DA:524,1
DA:526,1
DA:527,1
DA:528,1
DA:531,1
DA:533,1
DA:534,1
DA:535,1
DA:536,1
DA:538,1
DA:539,1
DA:540,1
DA:543,1
DA:545,1
DA:546,1
DA:547,1
DA:548,1
DA:550,1
DA:551,1
DA:552,1
DA:555,1
DA:557,1
DA:558,1
DA:559,1
DA:560,1
DA:562,1
DA:563,1
DA:564,1
DA:567,1
DA:569,1
DA:570,1
DA:571,1
DA:572,1
DA:574,1
DA:575,1
DA:576,1
DA:579,1
DA:581,1
DA:582,1
DA:583,1
DA:584,1
DA:586,1
DA:587,1
DA:588,1
DA:591,1
DA:593,1
DA:594,1
DA:595,1
DA:596,1
DA:598,1
DA:599,1
DA:600,1
DA:603,1
DA:605,1
DA:606,1
DA:607,1
DA:608,1
DA:610,1
DA:611,1
DA:612,1
DA:615,1
DA:617,1
DA:618,1
DA:619,1
DA:620,1
DA:622,1
DA:623,1
DA:624,1
DA:627,1
DA:629,1
DA:630,1
DA:631,1
DA:632,1
DA:634,1
DA:635,1
DA:636,1
DA:639,1
DA:641,1
DA:642,1
DA:643,1
DA:644,1
DA:646,1
DA:647,1
DA:648,1
DA:651,1
DA:653,1
DA:654,1
DA:655,1
DA:656,1
DA:658,1
DA:659,1
DA:660,1
DA:663,1
DA:665,1
DA:666,1
DA:667,1
DA:668,1
DA:670,1
DA:671,1
DA:672,1
DA:675,1
DA:677,1
DA:678,1
DA:679,1
DA:680,1
DA:682,1
DA:683,1
DA:684,1
DA:687,1
DA:689,1
DA:690,1
DA:691,1
DA:692,1
DA:694,1
DA:695,1
DA:696,1
DA:699,1
DA:701,1
DA:702,1
DA:703,1
DA:704,1
DA:706,1
DA:707,1
DA:708,1
DA:711,1
DA:713,1
DA:714,1
DA:715,1
DA:716,1
DA:718,1
DA:719,1
DA:720,1
DA:723,1
DA:725,1
DA:726,1
DA:727,1
DA:728,1
DA:730,1
DA:731,1
DA:732,1
DA:735,1
DA:737,1
DA:738,1
DA:739,1
DA:740,1
DA:742,1
DA:743,1
DA:744,1
DA:747,1
DA:749,1
DA:750,1
DA:751,1
DA:752,1
DA:754,1
DA:755,1
DA:756,1
DA:759,1
DA:761,1
DA:762,1
DA:763,1
DA:764,1
DA:766,1
DA:767,1
DA:768,1
DA:771,1
DA:773,1
DA:774,1
DA:775,1
DA:776,1
DA:778,1
DA:779,1
DA:780,1
DA:783,1
DA:785,1
DA:786,1
DA:787,1
DA:788,1
DA:790,1
DA:791,1
DA:792,1
DA:795,1
DA:797,1
DA:798,1
DA:799,1
DA:800,1
DA:802,1
DA:803,1
DA:804,1
DA:807,1
DA:809,1
DA:810,1
DA:811,1
DA:812,1
DA:814,1
DA:815,1
DA:816,1
DA:819,1
DA:821,1
DA:822,1
DA:823,1
DA:824,1
DA:826,1
DA:827,1
DA:828,1
DA:831,1
DA:833,1
DA:834,1
DA:835,1
DA:836,1
DA:838,1
DA:839,1
DA:840,1
DA:843,1
DA:845,1
DA:846,1
DA:847,1
DA:848,1
DA:850,1
DA:851,1
DA:852,1
DA:855,1
DA:857,1
DA:858,1
DA:859,1
DA:860,1
DA:862,1
DA:863,1
DA:864,1
DA:867,1
DA:869,1
DA:870,1
DA:871,1
DA:872,1
DA:874,1
DA:875,1
DA:876,1
DA:879,1
DA:881,1
DA:882,1
DA:883,1
DA:884,1
DA:886,1
DA:887,1
DA:888,1
DA:891,1
DA:893,1
DA:894,1
DA:895,1
DA:896,1
DA:898,1
DA:899,1
DA:900,1
DA:903,1
DA:905,1
DA:906,1
DA:907,1
DA:908,1
DA:910,1
DA:911,1
DA:912,1
DA:915,1
DA:917,1
DA:918,1
DA:919,1
DA:920,1
DA:922,1
DA:923,1
DA:924,1
DA:927,1
DA:929,1
DA:930,1
DA:931,1
DA:932,1
DA:934,1
DA:935,1
DA:936,1
DA:939,1
DA:941,1
DA:942,1
DA:943,1
DA:944,1
DA:946,1
DA:947,1
DA:948,1
DA:951,1
DA:953,1
DA:954,1
DA:955,1
DA:956,1
DA:958,1
DA:959,1
DA:960,1
DA:963,1
DA:965,1
DA:966,1
DA:967,1
DA:968,1
DA:970,1
DA:971,1
DA:972,1
DA:975,1
DA:977,1
DA:978,1
DA:979,1
DA:980,1
DA:982,1
DA:983,1
DA:984,1
DA:987,1
DA:989,1
DA:990,1
DA:991,1
DA:992,1
DA:994,1
DA:995,1
DA:996,1
DA:999,1
DA:1001,1
DA:1002,1
DA:1003,1
DA:1004,1
DA:1006,1
DA:1007,1
DA:1008,1
DA:1011,1
DA:1013,1
DA:1014,1
DA:1015,1
DA:1016,1
DA:1018,1
DA:1019,1
DA:1020,1
DA:1023,1
DA:1025,1
DA:1026,1
DA:1027,1
DA:1028,1
DA:1030,1
DA:1031,1
DA:1032,1
DA:1035,1
DA:1037,1
DA:1038,1
DA:1039,1
DA:1040,1
DA:1042,1
DA:1043,1
DA:1044,1
DA:1047,1
DA:1049,1
DA:1050,1
DA:1051,1
DA:1052,1
DA:1054,1
DA:1055,1
DA:1056,1
DA:1059,1
DA:1061,1
DA:1062,1
DA:1063,1
DA:1064,1
DA:1066,1
DA:1067,1
DA:1068,1
DA:1071,1
DA:1073,1
DA:1074,1
DA:1075,1
DA:1076,1
DA:1078,1
DA:1079,1
DA:1080,1
DA:1083,1
DA:1085,1
DA:1086,1
DA:1087,1
DA:1088,1
DA:1090,1
DA:1091,1
DA:1092,1
DA:1095,1
DA:1097,1
DA:1098,1
DA:1099,1
DA:1100,1
DA:1102,1
DA:1103,1
DA:1104,1
DA:1107,1
DA:1109,1
DA:1110,1
DA:1111,1
DA:1112,1
DA:1114,1
DA:1115,1
DA:1116,1
DA:1119,1
DA:1121,1
DA:1122,1
DA:1123,1
DA:1124,1
DA:1126,1
DA:1127,1
DA:1128,1
DA:1131,1
DA:1133,1
DA:1134,1
DA:1135,1
DA:1136,1
DA:1138,1
DA:1139,1
DA:1140,1
DA:1143,1
DA:1145,1
DA:1146,1
DA:1147,1
DA:1148,1
DA:1150,1
DA:1151,1
DA:1152,1
DA:1155,1
DA:1157,1
DA:1158,1
DA:1159,1
DA:1160,1
DA:1162,1
DA:1163,1
DA:1164,1
DA:1167,1
DA:1169,1
DA:1170,1
DA:1171,1
DA:1172,1
DA:1174,1
DA:1175,1
DA:1176,1
DA:1179,1
DA:1181,1
DA:1182,1
DA:1183,1
DA:1184,1
DA:1186,1
DA:1187,1
DA:1188,1
DA:1191,1
DA:1193,1
DA:1194,1
DA:1195,1
DA:1196,1
DA:1198,1
DA:1199,1
DA:1200,1
DA:1203,1
DA:1205,1
DA:1206,1
DA:1207,1
DA:1208,1
DA:1210,1
DA:1211,1
DA:1212,1
DA:1215,1
DA:1217,1
DA:1218,1
DA:1219,1
DA:1220,1
DA:1222,1
DA:1223,1
DA:1224,1
DA:1227,1
DA:1228,1
DA:1229,1
DA:1230,1
DA:1231,1
DA:1232,1
DA:1233,1
DA:1234,1
DA:1235,1
DA:1236,1
DA:1237,1
DA:1238,1
DA:1239,1
DA:1240,1
DA:1241,1
DA:1242,1
DA:1243,1
DA:1244,1
DA:1245,1
DA:1246,1
DA:1247,1
DA:1248,1
DA:1249,1
DA:1250,1
DA:1251,1
DA:1252,1
DA:1253,1
DA:1254,1
DA:1255,1
DA:1256,1
DA:1257,1
DA:1258,1
DA:1259,1
DA:1260,1
DA:1261,1
DA:1262,1
DA:1263,1
DA:1264,1
DA:1265,1
DA:1266,1
DA:1267,1
DA:1268,1
DA:1269,1
DA:1270,1
DA:1271,1
DA:1272,1
DA:1273,1
DA:1274,1
DA:1275,1
DA:1276,1
DA:1277,1
DA:1278,1
DA:1279,1
DA:1280,1
DA:1281,1
DA:1282,1
DA:1283,1
DA:1284,1
DA:1285,1
DA:1286,1
DA:1287,1
DA:1288,1
DA:1289,1
DA:1290,1
DA:1291,1
DA:1292,1
DA:1293,1
DA:1294,1
DA:1295,1
DA:1296,1
DA:1297,1
DA:1298,1
DA:1299,1
DA:1300,1
DA:1301,1
DA:1302,1
DA:1303,1
DA:1304,1
DA:1305,1
DA:1306,1
DA:1307,1
DA:1308,1
DA:1309,1
DA:1310,1
DA:1311,1
DA:1312,1
DA:1313,1
DA:1314,1
DA:1315,1
DA:1316,1
DA:1317,1
DA:1318,1
DA:1319,1
DA:1320,1
DA:1321,1
DA:1322,1
DA:1323,1
DA:1324,1
DA:1325,1
DA:1326,1
DA:1327,1
DA:1328,1
DA:1329,1
DA:1330,1
DA:1331,1
DA:1333,1
DA:1334,1
LF:923
LH:923
end_of_record
TN:s21_decimal
SF:/Users/sukhanovalexey/Desktop/TEMP_DECIMAL/C-Decimal/tests/tests.c
FN:13,31,main
FN:3,11,run_testcase
FNDA:1,main
FNDA:12,run_testcase
FNF:2
FNH:2
DA:3,12
DA:4,12
DA:5,12
DA:7,12
DA:8,12
DA:10,12
DA:11,12
DA:13,1
DA:14,1
DA:15,1
DA:16,1
DA:19,1
DA:20,1
DA:21,1
DA:22,1
DA:24,1
DA:26,1
DA:27,1
DA:28,1
DA:29,1
DA:31,1
LF:21
LH:21
end_of_record
